e:\ademo\rengine2.0\rengine2\debug\vc143.pdb
e:\ademo\rengine2.0\rengine2\debug\vc143.idb
e:\ademo\rengine2.0\rengine2\debug\soft_rasterization.obj
e:\ademo\rengine2.0\rengine2\debug\math_utils.obj
e:\ademo\rengine2.0\rengine2\debug\simple_image.obj
e:\ademo\rengine2.0\rengine2\debug\simple_image_bmp.obj
e:\ademo\rengine2.0\rengine2\debug\simple_cpp_string_algorithm.obj
e:\ademo\rengine2.0\rengine2\debug\simple_cpp_helper_file.obj
e:\ademo\rengine2.0\rengine2\debug\shader.obj
e:\ademo\rengine2.0\rengine2\debug\resourcesupdate.obj
e:\ademo\rengine2.0\rengine2\debug\render.obj
e:\ademo\rengine2.0\rengine2\debug\main.obj
e:\ademo\rengine2.0\rengine2\debug\windowsmessageprocessing.obj
e:\ademo\rengine2.0\rengine2\debug\windowsengine.obj
e:\ademo\rengine2.0\rengine2\debug\boxmesh.obj
e:\ademo\rengine2.0\rengine2\debug\meshtype.obj
e:\ademo\rengine2.0\rengine2\debug\mesh.obj
e:\ademo\rengine2.0\rengine2\debug\enginefactory.obj
e:\ademo\rengine2.0\rengine2\debug\winmaincommandparameters.obj
e:\ademo\rengine2.0\rengine2\debug\viewport.obj
e:\ademo\rengine2.0\rengine2\debug\rminimalobject.obj
e:\ademo\rengine2.0\rengine2\debug\renderconfig.obj
e:\ademo\rengine2.0\rengine2\debug\vector_color.obj
e:\ademo\rengine2.0\rengine2\debug\vector_4id.obj
e:\ademo\rengine2.0\rengine2\debug\vector_4d.obj
e:\ademo\rengine2.0\rengine2\debug\vector_3id.obj
e:\ademo\rengine2.0\rengine2\debug\vector_3d.obj
e:\ademo\rengine2.0\rengine2\debug\vector_2id.obj
e:\ademo\rengine2.0\rengine2\debug\vector_2d.obj
e:\ademo\rengine2.0\rengine2\debug\rotator.obj
e:\ademo\rengine2.0\rengine2\debug\quat.obj
e:\ademo\rengine2.0\rengine2\debug\triangle.obj
e:\ademo\rengine2.0\rengine2\debug\line.obj
e:\ademo\rengine2.0\rengine2\debug\matrix_4x4.obj
e:\ademo\rengine2.0\rengine2\debug\matrix_3x3.obj
e:\ademo\rengine2.0\rengine2\debug\matrix_2x2.obj
e:\ademo\rengine2.0\rengine2\debug\simple_math.obj
e:\ademo\rengine2.0\rengine2\debug\simple_c_log.obj
e:\ademo\rengine2.0\rengine2\debug\simple_c_windows_setting.obj
e:\ademo\rengine2.0\rengine2\debug\simple_c_windows_register.obj
e:\ademo\rengine2.0\rengine2\debug\simple_c_time.obj
e:\ademo\rengine2.0\rengine2\debug\simple_c_locale_list.obj
e:\ademo\rengine2.0\rengine2\debug\simple_c_path.obj
e:\ademo\rengine2.0\rengine2\debug\simple_file_helper.obj
e:\ademo\rengine2.0\rengine2\debug\simple_guid.obj
e:\ademo\rengine2.0\rengine2\debug\string_algorithm.obj
e:\ademo\rengine2.0\rengine2\debug\simple_c_array_string.obj
e:\ademo\rengine2.0\rengine2\debug\transformcomponent.obj
e:\ademo\rengine2.0\rengine2\debug\rcomponent.obj
e:\ademo\rengine2.0\rengine2\debug\inputcomponent.obj
e:\ademo\rengine2.0\rengine2\debug\rinputtype.obj
e:\ademo\rengine2.0\rengine2\debug\camera.obj
e:\ademo\rengine2.0\rengine2\debug\guidinterface.obj
e:\ademo\rengine2.0\rengine2\debug\world.obj
e:\ademo\rengine2.0\rengine2\debug\engine.obj
e:\ademo\rengine2.0\rengine2\debug\rengine2.ilk
e:\ademo\rengine2.0\debug\rengine2.exe
e:\ademo\rengine2.0\debug\rengine2.pdb
e:\ademo\rengine2.0\debug\rengine2.lib
e:\ademo\rengine2.0\debug\rengine2.exp
e:\ademo\rengine2.0\rengine2\debug\rengine2.tlog\cl.command.1.tlog
e:\ademo\rengine2.0\rengine2\debug\rengine2.tlog\cl.read.1.tlog
e:\ademo\rengine2.0\rengine2\debug\rengine2.tlog\cl.write.1.tlog
e:\ademo\rengine2.0\rengine2\debug\rengine2.tlog\link.17032.read.1.tlog
e:\ademo\rengine2.0\rengine2\debug\rengine2.tlog\link.17032.write.1.tlog
e:\ademo\rengine2.0\rengine2\debug\rengine2.tlog\link.command.1.tlog
e:\ademo\rengine2.0\rengine2\debug\rengine2.tlog\link.read.1.tlog
e:\ademo\rengine2.0\rengine2\debug\rengine2.tlog\link.write.1.tlog
e:\ademo\rengine2.0\rengine2\debug\rengine2.tlog\rengine2.write.1u.tlog
