  RComponent.cpp
E:\atest\REngine2.0\Source\REngineCoreObject\RCoreObjectMinimal.h(3,10): fatal  error C1083: 无法打开包括文件: “simple_library/public/simple_library.h”: No such file or directory
  ConstructionComponents.cpp
E:\atest\REngine2.0\Source\REngineCoreObject\RCoreObjectMinimal.h(3,10): fatal  error C1083: 无法打开包括文件: “simple_library/public/simple_library.h”: No such file or directory
  FunctionManage.cpp
E:\atest\REngine2.0\Source\REngineCoreObject\RCoreObjectMinimal.h(3,10): fatal  error C1083: 无法打开包括文件: “simple_library/public/simple_library.h”: No such file or directory
  RFrame.cpp
E:\atest\REngine2.0\Source\REngineCoreObject\RCoreObjectMinimal.h(3,10): fatal  error C1083: 无法打开包括文件: “simple_library/public/simple_library.h”: No such file or directory
  RNativeClass.cpp
E:\atest\REngine2.0\Source\REngineCoreObject\RCoreObjectMinimal.h(3,10): fatal  error C1083: 无法打开包括文件: “simple_library/public/simple_library.h”: No such file or directory
  ClassObject.cpp
  EnumObject.cpp
  FieldObject.cpp
E:\atest\REngine2.0\Source\REngineCoreObject\RCoreObjectMinimal.h(3,10): fatal  error C1083: 无法打开包括文件: “simple_library/public/simple_library.h”: No such file or directory
  FunctionObject.cpp
  GuidInterface.cpp
E:\atest\REngine2.0\Source\REngineCoreObject\RCoreObjectMinimal.h(3,10): fatal  error C1083: 无法打开包括文件: “simple_library/public/simple_library.h”: No such file or directory
  PropertyObject.cpp
E:\atest\REngine2.0\Source\REngineCoreObject\RCoreObjectMinimal.h(3,10): fatal  error C1083: 无法打开包括文件: “simple_library/public/simple_library.h”: No such file or directory
  RMinimalObject.cpp
E:\atest\REngine2.0\Source\REngineCoreObject\RCoreObjectMinimal.h(3,10): fatal  error C1083: 无法打开包括文件: “simple_library/public/simple_library.h”: No such file or directory
  StructObject.cpp
