  simple_c_array_string.c
E:\atest\REngine2.0\Source\SimpleLibrary\simple_library\private\simple_core_minimal\simple_c_core\simple_c_array\simple_c_array_string.c(65,2): warning C4013: “remove_char_end”未定义；假设外部返回 int
  string_algorithm.c
E:\atest\REngine2.0\Source\SimpleLibrary\simple_library\private\simple_core_minimal\simple_c_core\simple_c_string_algorithm\string_algorithm.c(5,12): warning C4267: “初始化”: 从“size_t”转换到“int”，可能丢失数据
E:\atest\REngine2.0\Source\SimpleLibrary\simple_library\private\simple_core_minimal\simple_c_core\simple_c_string_algorithm\string_algorithm.c(40,18): warning C4267: “初始化”: 从“size_t”转换到“int”，可能丢失数据
E:\atest\REngine2.0\Source\SimpleLibrary\simple_library\private\simple_core_minimal\simple_c_core\simple_c_string_algorithm\string_algorithm.c(56,17): warning C4267: “初始化”: 从“size_t”转换到“int”，可能丢失数据
E:\atest\REngine2.0\Source\SimpleLibrary\simple_library\private\simple_core_minimal\simple_c_core\simple_c_string_algorithm\string_algorithm.c(79,20): warning C4267: “=”: 从“size_t”转换到“int”，可能丢失数据
E:\atest\REngine2.0\Source\SimpleLibrary\simple_library\private\simple_core_minimal\simple_c_core\simple_c_string_algorithm\string_algorithm.c(82,17): warning C4267: “初始化”: 从“size_t”转换到“int”，可能丢失数据
E:\atest\REngine2.0\Source\SimpleLibrary\simple_library\private\simple_core_minimal\simple_c_core\simple_c_string_algorithm\string_algorithm.c(97,12): warning C4267: “初始化”: 从“size_t”转换到“int”，可能丢失数据
E:\atest\REngine2.0\Source\SimpleLibrary\simple_library\private\simple_core_minimal\simple_c_core\simple_c_string_algorithm\string_algorithm.c(113,17): warning C4267: “初始化”: 从“size_t”转换到“int”，可能丢失数据
E:\atest\REngine2.0\Source\SimpleLibrary\simple_library\private\simple_core_minimal\simple_c_core\simple_c_string_algorithm\string_algorithm.c(114,24): warning C4267: “初始化”: 从“size_t”转换到“int”，可能丢失数据
E:\atest\REngine2.0\Source\SimpleLibrary\simple_library\private\simple_core_minimal\simple_c_core\simple_c_string_algorithm\string_algorithm.c(115,24): warning C4267: “初始化”: 从“size_t”转换到“int”，可能丢失数据
E:\atest\REngine2.0\Source\SimpleLibrary\simple_library\private\simple_core_minimal\simple_c_core\simple_c_string_algorithm\string_algorithm.c(138,24): warning C4267: “初始化”: 从“size_t”转换到“int”，可能丢失数据
E:\atest\REngine2.0\Source\SimpleLibrary\simple_library\private\simple_core_minimal\simple_c_core\simple_c_string_algorithm\string_algorithm.c(161,12): warning C4267: “初始化”: 从“size_t”转换到“int”，可能丢失数据
E:\atest\REngine2.0\Source\SimpleLibrary\simple_library\private\simple_core_minimal\simple_c_core\simple_c_string_algorithm\string_algorithm.c(196,16): warning C4267: “初始化”: 从“size_t”转换到“int”，可能丢失数据
E:\atest\REngine2.0\Source\SimpleLibrary\simple_library\private\simple_core_minimal\simple_c_core\simple_c_string_algorithm\string_algorithm.c(197,12): warning C4267: “初始化”: 从“size_t”转换到“int”，可能丢失数据
E:\atest\REngine2.0\Source\SimpleLibrary\simple_library\private\simple_core_minimal\simple_c_core\simple_c_string_algorithm\string_algorithm.c(239,21): warning C4129: “%”: 不可识别的字符转义序列
E:\atest\REngine2.0\Source\SimpleLibrary\simple_library\private\simple_core_minimal\simple_c_core\simple_c_string_algorithm\string_algorithm.c(239,46): warning C4129: “%”: 不可识别的字符转义序列
E:\atest\REngine2.0\Source\SimpleLibrary\simple_library\private\simple_core_minimal\simple_c_core\simple_c_string_algorithm\string_algorithm.c(289,21): warning C4267: “return”: 从“size_t”转换到“int”，可能丢失数据
E:\atest\REngine2.0\Source\SimpleLibrary\simple_library\private\simple_core_minimal\simple_c_core\simple_c_string_algorithm\string_algorithm.c(258,15): warning C4267: “初始化”: 从“size_t”转换到“int”，可能丢失数据
E:\atest\REngine2.0\Source\SimpleLibrary\simple_library\private\simple_core_minimal\simple_c_core\simple_c_string_algorithm\string_algorithm.c(275,15): warning C4267: “初始化”: 从“size_t”转换到“int”，可能丢失数据
E:\atest\REngine2.0\Source\SimpleLibrary\simple_library\private\simple_core_minimal\simple_c_core\simple_c_string_algorithm\string_algorithm.c(303,25): warning C4267: “return”: 从“size_t”转换到“int”，可能丢失数据
E:\atest\REngine2.0\Source\SimpleLibrary\simple_library\private\simple_core_minimal\simple_c_core\simple_c_string_algorithm\string_algorithm.c(318,25): warning C4267: “return”: 从“size_t”转换到“int”，可能丢失数据
E:\atest\REngine2.0\Source\SimpleLibrary\simple_library\private\simple_core_minimal\simple_c_core\simple_c_string_algorithm\string_algorithm.c(323,1): warning C4090: “初始化”: 不同的“const”限定符
E:\atest\REngine2.0\Source\SimpleLibrary\simple_library\private\simple_core_minimal\simple_c_core\simple_c_string_algorithm\string_algorithm.c(331,46): warning C4267: “函数”: 从“size_t”转换到“int”，可能丢失数据
E:\atest\REngine2.0\Source\SimpleLibrary\simple_library\private\simple_core_minimal\simple_c_core\simple_c_string_algorithm\string_algorithm.c(331,63): warning C4267: “函数”: 从“size_t”转换到“int”，可能丢失数据
E:\atest\REngine2.0\Source\SimpleLibrary\simple_library\private\simple_core_minimal\simple_c_core\simple_c_string_algorithm\string_algorithm.c(336,53): warning C4267: “函数”: 从“size_t”转换到“int”，可能丢失数据
E:\atest\REngine2.0\Source\SimpleLibrary\simple_library\private\simple_core_minimal\simple_c_core\simple_c_string_algorithm\string_algorithm.c(350,12): warning C4267: “初始化”: 从“size_t”转换到“int”，可能丢失数据
E:\atest\REngine2.0\Source\SimpleLibrary\simple_library\private\simple_core_minimal\simple_c_core\simple_c_string_algorithm\string_algorithm.c(376,24): warning C4267: “初始化”: 从“size_t”转换到“int”，可能丢失数据
E:\atest\REngine2.0\Source\SimpleLibrary\simple_library\private\simple_core_minimal\simple_c_core\simple_c_string_algorithm\string_algorithm.c(397,12): warning C4267: “初始化”: 从“size_t”转换到“int”，可能丢失数据
E:\atest\REngine2.0\Source\SimpleLibrary\simple_library\private\simple_core_minimal\simple_c_core\simple_c_string_algorithm\string_algorithm.c(411,12): warning C4267: “初始化”: 从“size_t”转换到“int”，可能丢失数据
E:\atest\REngine2.0\Source\SimpleLibrary\simple_library\private\simple_core_minimal\simple_c_core\simple_c_string_algorithm\string_algorithm.c(441,44): warning C4020: “wfind_string”: 实参太多
E:\atest\REngine2.0\Source\SimpleLibrary\simple_library\private\simple_core_minimal\simple_c_core\simple_c_string_algorithm\string_algorithm.c(437,17): warning C4267: “初始化”: 从“size_t”转换到“int”，可能丢失数据
E:\atest\REngine2.0\Source\SimpleLibrary\simple_library\private\simple_core_minimal\simple_c_core\simple_c_string_algorithm\string_algorithm.c(438,24): warning C4267: “初始化”: 从“size_t”转换到“int”，可能丢失数据
E:\atest\REngine2.0\Source\SimpleLibrary\simple_library\private\simple_core_minimal\simple_c_core\simple_c_string_algorithm\string_algorithm.c(439,24): warning C4267: “初始化”: 从“size_t”转换到“int”，可能丢失数据
E:\atest\REngine2.0\Source\SimpleLibrary\simple_library\private\simple_core_minimal\simple_c_core\simple_c_string_algorithm\string_algorithm.c(468,21): warning C4129: “%”: 不可识别的字符转义序列
E:\atest\REngine2.0\Source\SimpleLibrary\simple_library\private\simple_core_minimal\simple_c_core\simple_c_string_algorithm\string_algorithm.c(468,47): warning C4129: “%”: 不可识别的字符转义序列
E:\atest\REngine2.0\Source\SimpleLibrary\simple_library\private\simple_core_minimal\simple_c_core\simple_c_string_algorithm\string_algorithm.c(522,21): warning C4267: “return”: 从“size_t”转换到“int”，可能丢失数据
E:\atest\REngine2.0\Source\SimpleLibrary\simple_library\private\simple_core_minimal\simple_c_core\simple_c_string_algorithm\string_algorithm.c(487,15): warning C4267: “初始化”: 从“size_t”转换到“int”，可能丢失数据
E:\atest\REngine2.0\Source\SimpleLibrary\simple_library\private\simple_core_minimal\simple_c_core\simple_c_string_algorithm\string_algorithm.c(508,15): warning C4267: “初始化”: 从“size_t”转换到“int”，可能丢失数据
E:\atest\REngine2.0\Source\SimpleLibrary\simple_library\private\simple_core_minimal\simple_c_core\simple_c_string_algorithm\string_algorithm.c(528,13): warning C4047: “函数”:“wchar_t *”与“wchar_t *[8196]”的间接级别不同
E:\atest\REngine2.0\Source\SimpleLibrary\simple_library\private\simple_core_minimal\simple_c_core\simple_c_string_algorithm\string_algorithm.c(528,10): warning C4024: “wmemset”: 形参和实参 1 的类型不同
E:\atest\REngine2.0\Source\SimpleLibrary\simple_library\private\simple_core_minimal\simple_c_core\simple_c_string_algorithm\string_algorithm.c(531,19): warning C4047: “函数”:“wchar_t *const ”与“wchar_t *[8196]”的间接级别不同
E:\atest\REngine2.0\Source\SimpleLibrary\simple_library\private\simple_core_minimal\simple_c_core\simple_c_string_algorithm\string_algorithm.c(531,16): warning C4024: “_vsnwprintf_s”: 形参和实参 1 的类型不同
E:\atest\REngine2.0\Source\SimpleLibrary\simple_library\private\simple_core_minimal\simple_c_core\simple_c_string_algorithm\string_algorithm.c(535,21): warning C4047: “函数”:“const wchar_t *”与“wchar_t *[8196]”的间接级别不同
E:\atest\REngine2.0\Source\SimpleLibrary\simple_library\private\simple_core_minimal\simple_c_core\simple_c_string_algorithm\string_algorithm.c(535,18): warning C4024: “wcscat”: 形参和实参 2 的类型不同
E:\atest\REngine2.0\Source\SimpleLibrary\simple_library\private\simple_core_minimal\simple_c_core\simple_c_string_algorithm\string_algorithm.c(536,25): warning C4267: “return”: 从“size_t”转换到“int”，可能丢失数据
E:\atest\REngine2.0\Source\SimpleLibrary\simple_library\private\simple_core_minimal\simple_c_core\simple_c_string_algorithm\string_algorithm.c(552,25): warning C4267: “return”: 从“size_t”转换到“int”，可能丢失数据
E:\atest\REngine2.0\Source\SimpleLibrary\simple_library\private\simple_core_minimal\simple_c_core\simple_c_string_algorithm\string_algorithm.c(557,1): warning C4090: “初始化”: 不同的“const”限定符
  simple_guid.c
  simple_file_helper.c
E:\atest\REngine2.0\Source\SimpleLibrary\simple_library\private\simple_core_minimal\simple_c_helper_file\simple_file_helper.c(1,10): fatal  error C1083: 无法打开包括文件: “simple_library/public/simple_core_minimal/simple_c_helper_file/simple_file_helper.h”: No such file or directory
  simple_c_path.c
E:\atest\REngine2.0\Source\SimpleLibrary\simple_library\private\simple_core_minimal\simple_c_path\simple_c_path.c(11,2): warning C4013: “remove_string_start”未定义；假设外部返回 int
E:\atest\REngine2.0\Source\SimpleLibrary\simple_library\private\simple_core_minimal\simple_c_path\simple_c_path.c(39,12): warning C4267: “初始化”: 从“size_t”转换到“int”，可能丢失数据
  simple_c_time.c
E:\atest\REngine2.0\Source\SimpleLibrary\simple_library\private\simple_core_minimal\simple_c_time\simple_c_time.c(73,37): warning C4090: “函数”: 不同的“const”限定符
  simple_c_windows_register.c
E:\atest\REngine2.0\Source\SimpleLibrary\simple_library\private\simple_core_minimal\simple_c_windows\simple_c_windows_register.c(15,42): warning C4133: “函数”: 从“const char *”到“LPCWSTR”的类型不兼容
E:\atest\REngine2.0\Source\SimpleLibrary\simple_library\private\simple_core_minimal\simple_c_windows\simple_c_windows_register.c(17,48): warning C4133: “函数”: 从“const char *”到“LPCWSTR”的类型不兼容
E:\atest\REngine2.0\Source\SimpleLibrary\simple_library\private\simple_core_minimal\simple_c_windows\simple_c_windows_register.c(33,42): warning C4133: “函数”: 从“const char *”到“LPCWSTR”的类型不兼容
E:\atest\REngine2.0\Source\SimpleLibrary\simple_library\private\simple_core_minimal\simple_c_windows\simple_c_windows_register.c(40,52): warning C4133: “函数”: 从“char [260]”到“LPWSTR”的类型不兼容
E:\atest\REngine2.0\Source\SimpleLibrary\simple_library\private\simple_core_minimal\simple_c_windows\simple_c_windows_register.c(42,51): warning C4133: “函数”: 从“char [260]”到“LPCWSTR”的类型不兼容
E:\atest\REngine2.0\Source\SimpleLibrary\simple_library\private\simple_core_minimal\simple_c_windows\simple_c_windows_register.c(83,56): warning C4133: “函数”: 从“const char [260]”到“LPCWSTR”的类型不兼容
E:\atest\REngine2.0\Source\SimpleLibrary\simple_library\private\simple_core_minimal\simple_c_windows\simple_c_windows_register.c(88,50): warning C4133: “函数”: 从“char *”到“LPCWSTR”的类型不兼容
E:\atest\REngine2.0\Source\SimpleLibrary\simple_library\private\simple_core_minimal\simple_c_windows\simple_c_windows_register.c(94,23): warning C4047: “函数”:“HKEY”与“HKEY *”的间接级别不同
E:\atest\REngine2.0\Source\SimpleLibrary\simple_library\private\simple_core_minimal\simple_c_windows\simple_c_windows_register.c(94,15): warning C4024: “RegCloseKey”: 形参和实参 1 的类型不同
E:\atest\REngine2.0\Source\SimpleLibrary\simple_library\private\simple_core_minimal\simple_c_windows\simple_c_windows_register.c(87,1): warning C4090: “初始化”: 不同的“const”限定符
  simple_c_windows_setting.c
  simple_c_log.c
E:\atest\REngine2.0\Source\SimpleLibrary\simple_library\private\simple_c_log\simple_c_log.c(33,3): warning C4013: “get_local_time_string”未定义；假设外部返回 int
  simple_math.c
