  Editor.cpp
E:\atest\REngine2.0\Source\REngine2\Engine\Engine.h(3,9): fatal  error C1083: 无法打开包括文件: “RObject/RMinimalObject.h”: No such file or directory
  EditorBase.cpp
E:\atest\REngine2.0\Source\REngine2\Engine\EngineMinimal.h(7,10): fatal  error C1083: 无法打开包括文件: “simple_library/public/simple_library.h”: No such file or directory
  ObjectExplorer.cpp
E:\atest\REngine2.0\Source\REngine2\Engine\EngineMinimal.h(7,10): fatal  error C1083: 无法打开包括文件: “simple_library/public/simple_library.h”: No such file or directory
  ClassInspectorMapping.cpp
E:\atest\REngine2.0\Source\REngine2\Engine\EngineMinimal.h(7,10): fatal  error C1083: 无法打开包括文件: “simple_library/public/simple_library.h”: No such file or directory
  InspectorEditor.cpp
E:\atest\REngine2.0\Source\REngine2\Engine\EngineMinimal.h(7,10): fatal  error C1083: 无法打开包括文件: “simple_library/public/simple_library.h”: No such file or directory
  InspectorMapping.cpp
  PropertyInspectorMapping.cpp
E:\atest\REngine2.0\Source\REngine2\Engine\EngineMinimal.h(7,10): fatal  error C1083: 无法打开包括文件: “simple_library/public/simple_library.h”: No such file or directory
  RegisterInspector.cpp
E:\atest\REngine2.0\Source\REngine2\Engine\EngineMinimal.h(7,10): fatal  error C1083: 无法打开包括文件: “simple_library/public/simple_library.h”: No such file or directory
  LogEditor.cpp
E:\atest\REngine2.0\Source\REngine2\Engine\EngineMinimal.h(7,10): fatal  error C1083: 无法打开包括文件: “simple_library/public/simple_library.h”: No such file or directory
  LogSystem.cpp
  MoveArrow.cpp
E:\atest\REngine2.0\Source\REngine2\Engine\Actor\ActorObject.h(2,9): fatal  error C1083: 无法打开包括文件: “RObject/RMinimalObject.h”: No such file or directory
  OperationHandleBase.cpp
E:\atest\REngine2.0\Source\REngine2\Engine\Actor\ActorObject.h(2,9): fatal  error C1083: 无法打开包括文件: “RObject/RMinimalObject.h”: No such file or directory
  OperationHandleManage.cpp
E:\atest\REngine2.0\Source\REngine2\Engine\Actor\ActorObject.h(2,9): fatal  error C1083: 无法打开包括文件: “RObject/RMinimalObject.h”: No such file or directory
  RotatorArrow.cpp
E:\atest\REngine2.0\Source\REngine2\Engine\Actor\ActorObject.h(2,9): fatal  error C1083: 无法打开包括文件: “RObject/RMinimalObject.h”: No such file or directory
  ScalingArrow.cpp
E:\atest\REngine2.0\Source\REngine2\Engine\Actor\ActorObject.h(2,9): fatal  error C1083: 无法打开包括文件: “RObject/RMinimalObject.h”: No such file or directory
  ToolbarEditor.cpp
E:\atest\REngine2.0\Source\REngine2\Engine\EngineMinimal.h(7,10): fatal  error C1083: 无法打开包括文件: “simple_library/public/simple_library.h”: No such file or directory
  ActorObject.cpp
E:\atest\REngine2.0\Source\REngine2\Engine\Actor\ActorObject.h(2,9): fatal  error C1083: 无法打开包括文件: “RObject/RMinimalObject.h”: No such file or directory
  Light.cpp
E:\atest\REngine2.0\Source\REngine2\Engine\Actor\ActorObject.h(2,9): fatal  error C1083: 无法打开包括文件: “RObject/RMinimalObject.h”: No such file or directory
  CollisionSystem.cpp
E:\atest\REngine2.0\Source\REngine2\Engine\EngineMinimal.h(7,10): fatal  error C1083: 无法打开包括文件: “simple_library/public/simple_library.h”: No such file or directory
  EngineEditorCommon.cpp
  正在编译...
  InputComponent.cpp
E:\atest\REngine2.0\Source\REngine2\Engine\Component\Input\InputComponent.h(3,9): fatal  error C1083: 无法打开包括文件: “Component/RComponent.h”: No such file or directory
  Input.cpp
E:\atest\REngine2.0\Source\REngine2\Engine\Engine.h(3,9): fatal  error C1083: 无法打开包括文件: “RObject/RMinimalObject.h”: No such file or directory
  RInputType.cpp
E:\atest\REngine2.0\Source\REngine2\Engine\EngineMinimal.h(7,10): fatal  error C1083: 无法打开包括文件: “simple_library/public/simple_library.h”: No such file or directory
  LightComponent.cpp
E:\atest\REngine2.0\Source\REngine2\Engine\Component\TransformComponent\TransformComponent.h(3,9): fatal  error C1083: 无法打开包括文件: “Component/RComponent.h”: No such file or directory
  ParallelLightComponent.cpp
E:\atest\REngine2.0\Source\REngine2\Engine\Component\TransformComponent\TransformComponent.h(3,9): fatal  error C1083: 无法打开包括文件: “Component/RComponent.h”: No such file or directory
  PointLightComponent.cpp
E:\atest\REngine2.0\Source\REngine2\Engine\Component\TransformComponent\TransformComponent.h(3,9): fatal  error C1083: 无法打开包括文件: “Component/RComponent.h”: No such file or directory
  SpotLightComponent.cpp
E:\atest\REngine2.0\Source\REngine2\Engine\Component\TransformComponent\TransformComponent.h(3,9): fatal  error C1083: 无法打开包括文件: “Component/RComponent.h”: No such file or directory
  BoxMeshComponent.cpp
E:\atest\REngine2.0\Source\REngine2\Engine\Component\TransformComponent\TransformComponent.h(3,9): fatal  error C1083: 无法打开包括文件: “Component/RComponent.h”: No such file or directory
  ConeMeshComponent.cpp
E:\atest\REngine2.0\Source\REngine2\Engine\Component\TransformComponent\TransformComponent.h(3,9): fatal  error C1083: 无法打开包括文件: “Component/RComponent.h”: No such file or directory
  CylinderMeshComponent.cpp
E:\atest\REngine2.0\Source\REngine2\Engine\Component\TransformComponent\TransformComponent.h(3,9): fatal  error C1083: 无法打开包括文件: “Component/RComponent.h”: No such file or directory
  PlaneMeshComponent.cpp
E:\atest\REngine2.0\Source\REngine2\Engine\Component\TransformComponent\TransformComponent.h(3,9): fatal  error C1083: 无法打开包括文件: “Component/RComponent.h”: No such file or directory
  SphereMeshComponent.cpp
E:\atest\REngine2.0\Source\REngine2\Engine\Component\TransformComponent\TransformComponent.h(3,9): fatal  error C1083: 无法打开包括文件: “Component/RComponent.h”: No such file or directory
  ParallelLight.cpp
E:\atest\REngine2.0\Source\REngine2\Engine\Actor\ActorObject.h(2,9): fatal  error C1083: 无法打开包括文件: “RObject/RMinimalObject.h”: No such file or directory
  PointLight.cpp
E:\atest\REngine2.0\Source\REngine2\Engine\Actor\ActorObject.h(2,9): fatal  error C1083: 无法打开包括文件: “RObject/RMinimalObject.h”: No such file or directory
  SpotLight.cpp
E:\atest\REngine2.0\Source\REngine2\Engine\Actor\ActorObject.h(2,9): fatal  error C1083: 无法打开包括文件: “RObject/RMinimalObject.h”: No such file or directory
  DDSTextureLoader.cpp
  ObjectAnalysis.cpp
E:\atest\REngine2.0\Source\REngine2\Engine\EngineMinimal.h(7,10): fatal  error C1083: 无法打开包括文件: “simple_library/public/simple_library.h”: No such file or directory
  TextureManage.cpp
E:\atest\REngine2.0\Source\REngine2\Engine\EngineMinimal.h(7,10): fatal  error C1083: 无法打开包括文件: “simple_library/public/simple_library.h”: No such file or directory
  BoxMesh.cpp
E:\atest\REngine2.0\Source\REngine2\Engine\EngineMinimal.h(7,10): fatal  error C1083: 无法打开包括文件: “simple_library/public/simple_library.h”: No such file or directory
  ConeMesh.cpp
E:\atest\REngine2.0\Source\REngine2\Engine\EngineMinimal.h(7,10): fatal  error C1083: 无法打开包括文件: “simple_library/public/simple_library.h”: No such file or directory
  正在编译...
  CustomMesh.cpp
E:\atest\REngine2.0\Source\REngine2\Engine\EngineMinimal.h(7,10): fatal  error C1083: 无法打开包括文件: “simple_library/public/simple_library.h”: No such file or directory
  CylinderMesh.cpp
E:\atest\REngine2.0\Source\REngine2\Engine\EngineMinimal.h(7,10): fatal  error C1083: 无法打开包括文件: “simple_library/public/simple_library.h”: No such file or directory
  PlaneMesh.cpp
E:\atest\REngine2.0\Source\REngine2\Engine\EngineMinimal.h(7,10): fatal  error C1083: 无法打开包括文件: “simple_library/public/simple_library.h”: No such file or directory
  SphereMesh.cpp
E:\atest\REngine2.0\Source\REngine2\Engine\EngineMinimal.h(7,10): fatal  error C1083: 无法打开包括文件: “simple_library/public/simple_library.h”: No such file or directory
  RayCastSystem.cpp
E:\atest\REngine2.0\Source\REngine2\Engine\EngineMinimal.h(7,10): fatal  error C1083: 无法打开包括文件: “simple_library/public/simple_library.h”: No such file or directory
  LightConstantBuffer.cpp
E:\atest\REngine2.0\Source\REngine2\Engine\EngineMinimal.h(7,10): fatal  error C1083: 无法打开包括文件: “simple_library/public/simple_library.h”: No such file or directory
  CustomMeshComponent.cpp
E:\atest\REngine2.0\Source\REngine2\Engine\Component\TransformComponent\TransformComponent.h(3,9): fatal  error C1083: 无法打开包括文件: “Component/RComponent.h”: No such file or directory
  MeshComponent.cpp
E:\atest\REngine2.0\Source\REngine2\Engine\Component\TransformComponent\TransformComponent.h(3,9): fatal  error C1083: 无法打开包括文件: “Component/RComponent.h”: No such file or directory
  StaticMeshComponent.cpp
E:\atest\REngine2.0\Source\REngine2\Engine\Component\TransformComponent\TransformComponent.h(3,9): fatal  error C1083: 无法打开包括文件: “Component/RComponent.h”: No such file or directory
  TransformComponent.cpp
E:\atest\REngine2.0\Source\REngine2\Engine\Component\TransformComponent\TransformComponent.h(3,9): fatal  error C1083: 无法打开包括文件: “Component/RComponent.h”: No such file or directory
  RenderConfig.cpp
  Camera.cpp
E:\atest\REngine2.0\Source\REngine2\Engine\Engine.h(3,9): fatal  error C1083: 无法打开包括文件: “RObject/RMinimalObject.h”: No such file or directory
  Engine.cpp
E:\atest\REngine2.0\Source\REngine2\Engine\Engine.h(3,9): fatal  error C1083: 无法打开包括文件: “RObject/RMinimalObject.h”: No such file or directory
  OpaqueLayer.cpp
E:\atest\REngine2.0\Source\REngine2\Engine\EngineMinimal.h(7,10): fatal  error C1083: 无法打开包括文件: “simple_library/public/simple_library.h”: No such file or directory
  PositionHandleLayer.cpp
E:\atest\REngine2.0\Source\REngine2\Engine\EngineMinimal.h(7,10): fatal  error C1083: 无法打开包括文件: “simple_library/public/simple_library.h”: No such file or directory
  RotateHandleLayer.cpp
E:\atest\REngine2.0\Source\REngine2\Engine\EngineMinimal.h(7,10): fatal  error C1083: 无法打开包括文件: “simple_library/public/simple_library.h”: No such file or directory
  SelectLayer.cpp
E:\atest\REngine2.0\Source\REngine2\Engine\EngineMinimal.h(7,10): fatal  error C1083: 无法打开包括文件: “simple_library/public/simple_library.h”: No such file or directory
  SkyLayer.cpp
E:\atest\REngine2.0\Source\REngine2\Engine\EngineMinimal.h(7,10): fatal  error C1083: 无法打开包括文件: “simple_library/public/simple_library.h”: No such file or directory
  ClientViewport.cpp
E:\atest\REngine2.0\Source\REngine2\Engine\Engine.h(3,9): fatal  error C1083: 无法打开包括文件: “RObject/RMinimalObject.h”: No such file or directory
  Viewport.cpp
E:\atest\REngine2.0\Source\REngine2\Engine\Engine.h(3,9): fatal  error C1083: 无法打开包括文件: “RObject/RMinimalObject.h”: No such file or directory
  正在编译...
  ViewportData.cpp
E:\atest\REngine2.0\Source\REngine2\Engine\EngineMinimal.h(7,10): fatal  error C1083: 无法打开包括文件: “simple_library/public/simple_library.h”: No such file or directory
  ViewportTransform.cpp
E:\atest\REngine2.0\Source\REngine2\Engine\Engine.h(3,9): fatal  error C1083: 无法打开包括文件: “RObject/RMinimalObject.h”: No such file or directory
  WinMainCommandParameters.cpp
E:\atest\REngine2.0\Source\REngine2\Engine\EngineMinimal.h(7,10): fatal  error C1083: 无法打开包括文件: “simple_library/public/simple_library.h”: No such file or directory
  World.cpp
E:\atest\REngine2.0\Source\REngine2\Engine\Engine.h(3,9): fatal  error C1083: 无法打开包括文件: “RObject/RMinimalObject.h”: No such file or directory
  EngineFactory.cpp
E:\atest\REngine2.0\Source\REngine2\Engine\Engine.h(3,9): fatal  error C1083: 无法打开包括文件: “RObject/RMinimalObject.h”: No such file or directory
  LightManage.cpp
E:\atest\REngine2.0\Source\REngine2\Engine\Manage\LightManage.h(1,9): fatal  error C1083: 无法打开包括文件: “RObject/RMinimalObject.h”: No such file or directory
  Material.cpp
E:\atest\REngine2.0\Source\REngine2\Engine\Materials\Material.h(2,9): fatal  error C1083: 无法打开包括文件: “RObject/RMinimalObject.h”: No such file or directory
  MaterialConstantBuffer.cpp
E:\atest\REngine2.0\Source\REngine2\Engine\EngineMinimal.h(7,10): fatal  error C1083: 无法打开包括文件: “simple_library/public/simple_library.h”: No such file or directory
  ConstantBufferView.cpp
E:\atest\REngine2.0\Source\REngine2\Engine\Engine.h(3,9): fatal  error C1083: 无法打开包括文件: “RObject/RMinimalObject.h”: No such file or directory
  DXRenderEngine.cpp
E:\atest\REngine2.0\Source\REngine2\Engine\Engine.h(3,9): fatal  error C1083: 无法打开包括文件: “RObject/RMinimalObject.h”: No such file or directory
  RenderEngine.cpp
E:\atest\REngine2.0\Source\REngine2\Engine\Engine.h(3,9): fatal  error C1083: 无法打开包括文件: “RObject/RMinimalObject.h”: No such file or directory
  DXDeviceInterface.cpp
E:\atest\REngine2.0\Source\REngine2\Engine\Engine.h(3,9): fatal  error C1083: 无法打开包括文件: “RObject/RMinimalObject.h”: No such file or directory
  RMath.cpp
E:\atest\REngine2.0\Source\REngine2\Engine\EngineMinimal.h(7,10): fatal  error C1083: 无法打开包括文件: “simple_library/public/simple_library.h”: No such file or directory
  BaseMesh.cpp
E:\atest\REngine2.0\Source\REngine2\Engine\EngineMinimal.h(7,10): fatal  error C1083: 无法打开包括文件: “simple_library/public/simple_library.h”: No such file or directory
  MeshManage.cpp
E:\atest\REngine2.0\Source\REngine2\Engine\Engine.h(3,9): fatal  error C1083: 无法打开包括文件: “RObject/RMinimalObject.h”: No such file or directory
  MeshType.cpp
E:\atest\REngine2.0\Source\REngine2\Engine\EngineMinimal.h(7,10): fatal  error C1083: 无法打开包括文件: “simple_library/public/simple_library.h”: No such file or directory
  ObjectTransformation.cpp
E:\atest\REngine2.0\Source\REngine2\Engine\EngineMinimal.h(7,10): fatal  error C1083: 无法打开包括文件: “simple_library/public/simple_library.h”: No such file or directory
  MeshGroup.cpp
E:\atest\REngine2.0\Source\REngine2\Engine\Engine.h(3,9): fatal  error C1083: 无法打开包括文件: “RObject/RMinimalObject.h”: No such file or directory
  WindowsEngine.cpp
E:\atest\REngine2.0\Source\REngine2\Engine\Engine.h(3,9): fatal  error C1083: 无法打开包括文件: “RObject/RMinimalObject.h”: No such file or directory
  WindowsMessageProcessing.cpp
E:\atest\REngine2.0\Source\REngine2\Engine\Engine.h(3,9): fatal  error C1083: 无法打开包括文件: “RObject/RMinimalObject.h”: No such file or directory
  正在编译...
  main.cpp
E:\atest\REngine2.0\Source\REngine2\Engine\EngineMinimal.h(7,10): fatal  error C1083: 无法打开包括文件: “simple_library/public/simple_library.h”: No such file or directory
  ConstructBuffer.cpp
E:\atest\REngine2.0\Source\REngine2\Engine\Engine.h(3,9): fatal  error C1083: 无法打开包括文件: “RObject/RMinimalObject.h”: No such file or directory
  DXDescriptorHeap.cpp
E:\atest\REngine2.0\Source\REngine2\Engine\Engine.h(3,9): fatal  error C1083: 无法打开包括文件: “RObject/RMinimalObject.h”: No such file or directory
  DX12Pipeline.cpp
E:\atest\REngine2.0\Source\REngine2\Engine\Engine.h(3,9): fatal  error C1083: 无法打开包括文件: “RObject/RMinimalObject.h”: No such file or directory
  GeometryMap.cpp
E:\atest\REngine2.0\Source\REngine2\Engine\Engine.h(3,9): fatal  error C1083: 无法打开包括文件: “RObject/RMinimalObject.h”: No such file or directory
  RenderMeshData.cpp
E:\atest\REngine2.0\Source\REngine2\Engine\Engine.h(3,9): fatal  error C1083: 无法打开包括文件: “RObject/RMinimalObject.h”: No such file or directory
  DXPipelineState.cpp
E:\atest\REngine2.0\Source\REngine2\Engine\EngineMinimal.h(7,10): fatal  error C1083: 无法打开包括文件: “simple_library/public/simple_library.h”: No such file or directory
  BaseRenderLayer.cpp
E:\atest\REngine2.0\Source\REngine2\Engine\EngineMinimal.h(7,10): fatal  error C1083: 无法打开包括文件: “simple_library/public/simple_library.h”: No such file or directory
  RenderLayerManage.cpp
E:\atest\REngine2.0\Source\REngine2\Engine\EngineMinimal.h(7,10): fatal  error C1083: 无法打开包括文件: “simple_library/public/simple_library.h”: No such file or directory
  DXRootSignature.cpp
E:\atest\REngine2.0\Source\REngine2\Engine\Engine.h(3,9): fatal  error C1083: 无法打开包括文件: “RObject/RMinimalObject.h”: No such file or directory
  ImGuiPipeline.cpp
E:\atest\REngine2.0\Source\REngine2\Engine\Engine.h(3,9): fatal  error C1083: 无法打开包括文件: “RObject/RMinimalObject.h”: No such file or directory
  Render.cpp
E:\atest\REngine2.0\Source\REngine2\Engine\Render\Render.h(2,9): fatal  error C1083: 无法打开包括文件: “RObject/RMinimalObject.h”: No such file or directory
  ResourcesUpdate.cpp
E:\atest\REngine2.0\Source\REngine2\Engine\EngineMinimal.h(7,10): fatal  error C1083: 无法打开包括文件: “simple_library/public/simple_library.h”: No such file or directory
  Shader.cpp
E:\atest\REngine2.0\Source\REngine2\Engine\EngineMinimal.h(7,10): fatal  error C1083: 无法打开包括文件: “simple_library/public/simple_library.h”: No such file or directory
  ShaderMacro.cpp
E:\atest\REngine2.0\Source\REngine2\Engine\EngineMinimal.h(7,10): fatal  error C1083: 无法打开包括文件: “simple_library/public/simple_library.h”: No such file or directory
  imgui_impl_dx12.cpp
  imgui_impl_win32.cpp
  imgui.cpp
  imgui_demo.cpp
  imgui_draw.cpp
  正在编译...
  imgui_tables.cpp
  imgui_widgets.cpp
  LinkCodeReflection.build.cpp
E:\atest\REngine2.0\Source\REngine2\Engine\Actor\ActorObject.h(2,9): fatal  error C1083: 无法打开包括文件: “RObject/RMinimalObject.h”: No such file or directory
