e:\ademo\rengine2.0\rengine2\x64\debug\vc143.pdb
e:\ademo\rengine2.0\rengine2\x64\debug\vc143.idb
e:\ademo\rengine2.0\rengine2\x64\debug\transformcomponent.obj
e:\ademo\rengine2.0\rengine2\x64\debug\rcomponent.obj
e:\ademo\rengine2.0\rengine2\x64\debug\staticmeshcomponent.obj
e:\ademo\rengine2.0\rengine2\x64\debug\meshcomponent.obj
e:\ademo\rengine2.0\rengine2\x64\debug\basemeshcomponent.obj
e:\ademo\rengine2.0\rengine2\x64\debug\lightconstantbuffer.obj
e:\ademo\rengine2.0\rengine2\x64\debug\texturemanage.obj
e:\ademo\rengine2.0\rengine2\x64\debug\objectanalysis.obj
e:\ademo\rengine2.0\rengine2\x64\debug\ddstextureloader.obj
e:\ademo\rengine2.0\rengine2\x64\debug\lightcomponent.obj
e:\ademo\rengine2.0\rengine2\x64\debug\rinputtype.obj
e:\ademo\rengine2.0\rengine2\x64\debug\input.obj
e:\ademo\rengine2.0\rengine2\x64\debug\inputcomponent.obj
e:\ademo\rengine2.0\rengine2\x64\debug\light.obj
e:\ademo\rengine2.0\rengine2\x64\debug\actorobject.obj
e:\ademo\rengine2.0\rengine2\x64\debug\toolbareditor.obj
e:\ademo\rengine2.0\rengine2\x64\debug\logsystem.obj
e:\ademo\rengine2.0\rengine2\x64\debug\logeditor.obj
e:\ademo\rengine2.0\rengine2\x64\debug\editorbase.obj
e:\ademo\rengine2.0\rengine2\x64\debug\editor.obj
e:\ademo\rengine2.0\rengine2\x64\debug\basemesh.obj
e:\ademo\rengine2.0\rengine2\x64\debug\rmath.obj
e:\ademo\rengine2.0\rengine2\x64\debug\dxdeviceinterface.obj
e:\ademo\rengine2.0\rengine2\x64\debug\renderengine.obj
e:\ademo\rengine2.0\rengine2\x64\debug\dxrenderengine.obj
e:\ademo\rengine2.0\rengine2\x64\debug\constantbufferview.obj
e:\ademo\rengine2.0\rengine2\x64\debug\materialconstantbuffer.obj
e:\ademo\rengine2.0\rengine2\x64\debug\material.obj
e:\ademo\rengine2.0\rengine2\x64\debug\lightmanage.obj
e:\ademo\rengine2.0\rengine2\x64\debug\enginefactory.obj
e:\ademo\rengine2.0\rengine2\x64\debug\world.obj
e:\ademo\rengine2.0\rengine2\x64\debug\winmaincommandparameters.obj
e:\ademo\rengine2.0\rengine2\x64\debug\viewporttransform.obj
e:\ademo\rengine2.0\rengine2\x64\debug\viewportinfo.obj
e:\ademo\rengine2.0\rengine2\x64\debug\viewport.obj
e:\ademo\rengine2.0\rengine2\x64\debug\rminimalobject.obj
e:\ademo\rengine2.0\rengine2\x64\debug\guidinterface.obj
e:\ademo\rengine2.0\rengine2\x64\debug\engine.obj
e:\ademo\rengine2.0\rengine2\x64\debug\camera.obj
e:\ademo\rengine2.0\rengine2\x64\debug\renderconfig.obj
e:\ademo\rengine2.0\rengine2\x64\debug\resourcesupdate.obj
e:\ademo\rengine2.0\rengine2\x64\debug\render.obj
e:\ademo\rengine2.0\rengine2\x64\debug\imguipipeline.obj
e:\ademo\rengine2.0\rengine2\x64\debug\dxrootsignature.obj
e:\ademo\rengine2.0\rengine2\x64\debug\renderlayermanage.obj
e:\ademo\rengine2.0\rengine2\x64\debug\baserenderlayer.obj
e:\ademo\rengine2.0\rengine2\x64\debug\renderlayer.obj
e:\ademo\rengine2.0\rengine2\x64\debug\dxpipelinestate.obj
e:\ademo\rengine2.0\rengine2\x64\debug\rendermeshdata.obj
e:\ademo\rengine2.0\rengine2\x64\debug\geometrymap.obj
e:\ademo\rengine2.0\rengine2\x64\debug\dx12pipeline.obj
e:\ademo\rengine2.0\rengine2\x64\debug\dxdescriptorheap.obj
e:\ademo\rengine2.0\rengine2\x64\debug\constructbuffer.obj
e:\ademo\rengine2.0\rengine2\x64\debug\main.obj
e:\ademo\rengine2.0\rengine2\x64\debug\windowsmessageprocessing.obj
e:\ademo\rengine2.0\rengine2\x64\debug\windowsengine.obj
e:\ademo\rengine2.0\rengine2\x64\debug\mesh.obj
e:\ademo\rengine2.0\rengine2\x64\debug\objecttransformation.obj
e:\ademo\rengine2.0\rengine2\x64\debug\meshtype.obj
e:\ademo\rengine2.0\rengine2\x64\debug\meshmanage.obj
e:\ademo\rengine2.0\rengine2\x64\debug\quat.obj
e:\ademo\rengine2.0\rengine2\x64\debug\triangle.obj
e:\ademo\rengine2.0\rengine2\x64\debug\line.obj
e:\ademo\rengine2.0\rengine2\x64\debug\matrix_4x4.obj
e:\ademo\rengine2.0\rengine2\x64\debug\matrix_3x3.obj
e:\ademo\rengine2.0\rengine2\x64\debug\matrix_2x2.obj
e:\ademo\rengine2.0\rengine2\x64\debug\soft_rasterization.obj
e:\ademo\rengine2.0\rengine2\x64\debug\math_utils.obj
e:\ademo\rengine2.0\rengine2\x64\debug\simple_image.obj
e:\ademo\rengine2.0\rengine2\x64\debug\simple_image_bmp.obj
e:\ademo\rengine2.0\rengine2\x64\debug\simple_cpp_string_algorithm.obj
e:\ademo\rengine2.0\rengine2\x64\debug\simple_cpp_helper_file.obj
e:\ademo\rengine2.0\rengine2\x64\debug\imgui_widgets.obj
e:\ademo\rengine2.0\rengine2\x64\debug\imgui_tables.obj
e:\ademo\rengine2.0\rengine2\x64\debug\imgui_draw.obj
e:\ademo\rengine2.0\rengine2\x64\debug\imgui_demo.obj
e:\ademo\rengine2.0\rengine2\x64\debug\imgui.obj
e:\ademo\rengine2.0\rengine2\x64\debug\imgui_impl_win32.obj
e:\ademo\rengine2.0\rengine2\x64\debug\imgui_impl_dx12.obj
e:\ademo\rengine2.0\rengine2\x64\debug\shader.obj
e:\ademo\rengine2.0\rengine2\x64\debug\stb_image.obj
e:\ademo\rengine2.0\rengine2\x64\debug\vector_color.obj
e:\ademo\rengine2.0\rengine2\x64\debug\vector_4id.obj
e:\ademo\rengine2.0\rengine2\x64\debug\vector_4d.obj
e:\ademo\rengine2.0\rengine2\x64\debug\vector_3id.obj
e:\ademo\rengine2.0\rengine2\x64\debug\vector_3d.obj
e:\ademo\rengine2.0\rengine2\x64\debug\vector_2id.obj
e:\ademo\rengine2.0\rengine2\x64\debug\vector_2d.obj
e:\ademo\rengine2.0\rengine2\x64\debug\rotator.obj
e:\ademo\rengine2.0\rengine2\x64\debug\simple_math.obj
e:\ademo\rengine2.0\rengine2\x64\debug\simple_c_log.obj
e:\ademo\rengine2.0\rengine2\x64\debug\simple_c_windows_setting.obj
e:\ademo\rengine2.0\rengine2\x64\debug\simple_c_windows_register.obj
e:\ademo\rengine2.0\rengine2\x64\debug\simple_c_time.obj
e:\ademo\rengine2.0\rengine2\x64\debug\simple_c_locale_list.obj
e:\ademo\rengine2.0\rengine2\x64\debug\simple_c_path.obj
e:\ademo\rengine2.0\rengine2\x64\debug\simple_file_helper.obj
e:\ademo\rengine2.0\rengine2\x64\debug\simple_guid.obj
e:\ademo\rengine2.0\rengine2\x64\debug\string_algorithm.obj
e:\ademo\rengine2.0\rengine2\x64\debug\simple_c_array_string.obj
e:\ademo\rengine2.0\rengine2\x64\debug\usynergy.obj
e:\aproject\rengine2.0\rengine2\x64\debug\vc143.pdb
e:\aproject\rengine2.0\rengine2\x64\debug\vc143.idb
e:\aproject\rengine2.0\rengine2\x64\debug\transformcomponent.obj
e:\aproject\rengine2.0\rengine2\x64\debug\rcomponent.obj
e:\aproject\rengine2.0\rengine2\x64\debug\staticmeshcomponent.obj
e:\aproject\rengine2.0\rengine2\x64\debug\meshcomponent.obj
e:\aproject\rengine2.0\rengine2\x64\debug\basemeshcomponent.obj
e:\aproject\rengine2.0\rengine2\x64\debug\lightconstantbuffer.obj
e:\aproject\rengine2.0\rengine2\x64\debug\texturemanage.obj
e:\aproject\rengine2.0\rengine2\x64\debug\objectanalysis.obj
e:\aproject\rengine2.0\rengine2\x64\debug\ddstextureloader.obj
e:\aproject\rengine2.0\rengine2\x64\debug\lightcomponent.obj
e:\aproject\rengine2.0\rengine2\x64\debug\rinputtype.obj
e:\aproject\rengine2.0\rengine2\x64\debug\input.obj
e:\aproject\rengine2.0\rengine2\x64\debug\inputcomponent.obj
e:\aproject\rengine2.0\rengine2\x64\debug\light.obj
e:\aproject\rengine2.0\rengine2\x64\debug\actorobject.obj
e:\aproject\rengine2.0\rengine2\x64\debug\toolbareditor.obj
e:\aproject\rengine2.0\rengine2\x64\debug\logsystem.obj
e:\aproject\rengine2.0\rengine2\x64\debug\logeditor.obj
e:\aproject\rengine2.0\rengine2\x64\debug\editorbase.obj
e:\aproject\rengine2.0\rengine2\x64\debug\editor.obj
e:\aproject\rengine2.0\rengine2\x64\debug\basemesh.obj
e:\aproject\rengine2.0\rengine2\x64\debug\rmath.obj
e:\aproject\rengine2.0\rengine2\x64\debug\dxdeviceinterface.obj
e:\aproject\rengine2.0\rengine2\x64\debug\renderengine.obj
e:\aproject\rengine2.0\rengine2\x64\debug\dxrenderengine.obj
e:\aproject\rengine2.0\rengine2\x64\debug\constantbufferview.obj
e:\aproject\rengine2.0\rengine2\x64\debug\materialconstantbuffer.obj
e:\aproject\rengine2.0\rengine2\x64\debug\material.obj
e:\aproject\rengine2.0\rengine2\x64\debug\lightmanage.obj
e:\aproject\rengine2.0\rengine2\x64\debug\enginefactory.obj
e:\aproject\rengine2.0\rengine2\x64\debug\world.obj
e:\aproject\rengine2.0\rengine2\x64\debug\winmaincommandparameters.obj
e:\aproject\rengine2.0\rengine2\x64\debug\viewporttransform.obj
e:\aproject\rengine2.0\rengine2\x64\debug\viewportinfo.obj
e:\aproject\rengine2.0\rengine2\x64\debug\viewport.obj
e:\aproject\rengine2.0\rengine2\x64\debug\rminimalobject.obj
e:\aproject\rengine2.0\rengine2\x64\debug\guidinterface.obj
e:\aproject\rengine2.0\rengine2\x64\debug\engine.obj
e:\aproject\rengine2.0\rengine2\x64\debug\camera.obj
e:\aproject\rengine2.0\rengine2\x64\debug\renderconfig.obj
e:\aproject\rengine2.0\rengine2\x64\debug\resourcesupdate.obj
e:\aproject\rengine2.0\rengine2\x64\debug\render.obj
e:\aproject\rengine2.0\rengine2\x64\debug\imguipipeline.obj
e:\aproject\rengine2.0\rengine2\x64\debug\dxrootsignature.obj
e:\aproject\rengine2.0\rengine2\x64\debug\baserenderlayer.obj
e:\aproject\rengine2.0\rengine2\x64\debug\renderlayer.obj
e:\aproject\rengine2.0\rengine2\x64\debug\dxpipelinestate.obj
e:\aproject\rengine2.0\rengine2\x64\debug\rendermeshdata.obj
e:\aproject\rengine2.0\rengine2\x64\debug\geometrymap.obj
e:\aproject\rengine2.0\rengine2\x64\debug\dx12pipeline.obj
e:\aproject\rengine2.0\rengine2\x64\debug\dxdescriptorheap.obj
e:\aproject\rengine2.0\rengine2\x64\debug\constructbuffer.obj
e:\aproject\rengine2.0\rengine2\x64\debug\main.obj
e:\aproject\rengine2.0\rengine2\x64\debug\windowsmessageprocessing.obj
e:\aproject\rengine2.0\rengine2\x64\debug\windowsengine.obj
e:\aproject\rengine2.0\rengine2\x64\debug\objecttransformation.obj
e:\aproject\rengine2.0\rengine2\x64\debug\meshtype.obj
e:\aproject\rengine2.0\rengine2\x64\debug\quat.obj
e:\aproject\rengine2.0\rengine2\x64\debug\triangle.obj
e:\aproject\rengine2.0\rengine2\x64\debug\line.obj
e:\aproject\rengine2.0\rengine2\x64\debug\matrix_4x4.obj
e:\aproject\rengine2.0\rengine2\x64\debug\matrix_3x3.obj
e:\aproject\rengine2.0\rengine2\x64\debug\matrix_2x2.obj
e:\aproject\rengine2.0\rengine2\x64\debug\soft_rasterization.obj
e:\aproject\rengine2.0\rengine2\x64\debug\math_utils.obj
e:\aproject\rengine2.0\rengine2\x64\debug\simple_image.obj
e:\aproject\rengine2.0\rengine2\x64\debug\simple_image_bmp.obj
e:\aproject\rengine2.0\rengine2\x64\debug\simple_cpp_string_algorithm.obj
e:\aproject\rengine2.0\rengine2\x64\debug\simple_cpp_helper_file.obj
e:\aproject\rengine2.0\rengine2\x64\debug\imgui_widgets.obj
e:\aproject\rengine2.0\rengine2\x64\debug\imgui_tables.obj
e:\aproject\rengine2.0\rengine2\x64\debug\imgui_draw.obj
e:\aproject\rengine2.0\rengine2\x64\debug\imgui_demo.obj
e:\aproject\rengine2.0\rengine2\x64\debug\imgui.obj
e:\aproject\rengine2.0\rengine2\x64\debug\imgui_impl_win32.obj
e:\aproject\rengine2.0\rengine2\x64\debug\imgui_impl_dx12.obj
e:\aproject\rengine2.0\rengine2\x64\debug\shader.obj
e:\aproject\rengine2.0\rengine2\x64\debug\stb_image.obj
e:\aproject\rengine2.0\rengine2\x64\debug\vector_color.obj
e:\aproject\rengine2.0\rengine2\x64\debug\vector_4id.obj
e:\aproject\rengine2.0\rengine2\x64\debug\vector_4d.obj
e:\aproject\rengine2.0\rengine2\x64\debug\vector_3id.obj
e:\aproject\rengine2.0\rengine2\x64\debug\vector_3d.obj
e:\aproject\rengine2.0\rengine2\x64\debug\vector_2id.obj
e:\aproject\rengine2.0\rengine2\x64\debug\vector_2d.obj
e:\aproject\rengine2.0\rengine2\x64\debug\rotator.obj
e:\ademo\rengine2.0\rengine2\x64\debug\rengine2.ilk
e:\ademo\rengine2.0\x64\debug\rengine2.exe
e:\ademo\rengine2.0\x64\debug\rengine2.pdb
e:\ademo\rengine2.0\x64\debug\rengine2.lib
e:\ademo\rengine2.0\x64\debug\rengine2.exp
e:\aproject\rengine2.0\rengine2\x64\debug\mesh.obj
e:\aproject\rengine2.0\rengine2\x64\debug\meshmanage.obj
e:\aproject\rengine2.0\rengine2\x64\debug\renderlayermanage.obj
e:\aproject\rengine2.0\rengine2\x64\debug\simple_c_array_string.obj
e:\aproject\rengine2.0\rengine2\x64\debug\simple_c_locale_list.obj
e:\aproject\rengine2.0\rengine2\x64\debug\simple_c_log.obj
e:\aproject\rengine2.0\rengine2\x64\debug\simple_c_path.obj
e:\aproject\rengine2.0\rengine2\x64\debug\simple_c_time.obj
e:\aproject\rengine2.0\rengine2\x64\debug\simple_c_windows_register.obj
e:\aproject\rengine2.0\rengine2\x64\debug\simple_c_windows_setting.obj
e:\aproject\rengine2.0\rengine2\x64\debug\simple_file_helper.obj
e:\aproject\rengine2.0\rengine2\x64\debug\simple_guid.obj
e:\aproject\rengine2.0\rengine2\x64\debug\simple_math.obj
e:\aproject\rengine2.0\rengine2\x64\debug\string_algorithm.obj
e:\aproject\rengine2.0\rengine2\x64\debug\usynergy.obj
e:\aproject\rengine2.0\rengine2\x64\debug\rengine2.ilk
e:\aproject\rengine2.0\x64\debug\rengine2.pdb
e:\aproject\rengine2.0\x64\debug\rengine2.exe
e:\aproject\rengine2.0\rengine2\x64\debug\rengine2.tlog\cl.command.1.tlog
e:\aproject\rengine2.0\rengine2\x64\debug\rengine2.tlog\cl.read.1.tlog
e:\aproject\rengine2.0\rengine2\x64\debug\rengine2.tlog\cl.write.1.tlog
e:\aproject\rengine2.0\rengine2\x64\debug\rengine2.tlog\link.command.1.tlog
e:\aproject\rengine2.0\rengine2\x64\debug\rengine2.tlog\link.read.1.tlog
e:\aproject\rengine2.0\rengine2\x64\debug\rengine2.tlog\link.write.1.tlog
e:\aproject\rengine2.0\rengine2\x64\debug\rengine2.tlog\rengine2.write.1u.tlog
