  ObjectAnalysis.cpp
E:\aProject\REngine2.0\REngine2\Engine\Mesh\MeshType.h(24,30): warning C4267: “return”: 从“size_t”转换到“UINT”，可能丢失数据
E:\aProject\REngine2.0\REngine2\Engine\Mesh\MeshType.h(25,29): warning C4267: “return”: 从“size_t”转换到“UINT”，可能丢失数据
E:\aProject\REngine2.0\REngine2\Engine\Component\Mesh\MeshComponent.h(18,25): warning C4267: “return”: 从“size_t”转换到“UINT”，可能丢失数据
E:\aProject\REngine2.0\packages\AssimpCpp.5.0.1.6\build\native\include\assimp\material.h(664,1): warning C4099: “aiMaterial”: 类型名称以前使用“class”现在使用的是“struct”
E:\aProject\REngine2.0\packages\AssimpCpp.5.0.1.6\build\native\include\assimp\material.h(660): message : 参见“aiMaterial”的声明
E:\aProject\REngine2.0\REngine2\Engine\LoadAsset\ObjectAnalysis.cpp(40,25): warning C4018: “<”: 有符号/无符号不匹配
E:\aProject\REngine2.0\REngine2\Engine\LoadAsset\ObjectAnalysis.cpp(48,23): warning C4018: “<”: 有符号/无符号不匹配
E:\aProject\REngine2.0\REngine2\Engine\LoadAsset\ObjectAnalysis.cpp(55,23): warning C4018: “<”: 有符号/无符号不匹配
E:\aProject\REngine2.0\REngine2\Engine\LoadAsset\ObjectAnalysis.cpp(58,24): warning C4018: “<”: 有符号/无符号不匹配
  BaseMeshComponent.cpp
E:\aProject\REngine2.0\REngine2\Engine\Mesh\MeshType.h(24,30): warning C4267: “return”: 从“size_t”转换到“UINT”，可能丢失数据
E:\aProject\REngine2.0\REngine2\Engine\Mesh\MeshType.h(25,29): warning C4267: “return”: 从“size_t”转换到“UINT”，可能丢失数据
E:\aProject\REngine2.0\REngine2\Engine\Component\Mesh\MeshComponent.h(18,25): warning C4267: “return”: 从“size_t”转换到“UINT”，可能丢失数据
E:\aProject\REngine2.0\REngine2\Engine\Component\Mesh\BaseMeshComponent.cpp(78,45): warning C4267: “初始化”: 从“size_t”转换到“uint32_t”，可能丢失数据
E:\aProject\REngine2.0\REngine2\Engine\Component\Mesh\BaseMeshComponent.cpp(107,24): warning C4244: “初始化”: 从“uint32_t”转换到“float”，可能丢失数据
E:\aProject\REngine2.0\REngine2\Engine\Component\Mesh\BaseMeshComponent.cpp(115,65): warning C4244: “参数”: 从“float”转换到“_Ty”，可能丢失数据
          with
          [
              _Ty=uint16_t
          ]
E:\aProject\REngine2.0\REngine2\Engine\Component\Mesh\BaseMeshComponent.cpp(116,69): warning C4244: “参数”: 从“float”转换到“_Ty”，可能丢失数据
          with
          [
              _Ty=uint16_t
          ]
E:\aProject\REngine2.0\REngine2\Engine\Component\Mesh\BaseMeshComponent.cpp(117,71): warning C4244: “参数”: 从“float”转换到“_Ty”，可能丢失数据
          with
          [
              _Ty=uint16_t
          ]
E:\aProject\REngine2.0\REngine2\Engine\Component\Mesh\BaseMeshComponent.cpp(119,71): warning C4244: “参数”: 从“float”转换到“_Ty”，可能丢失数据
          with
          [
              _Ty=uint16_t
          ]
E:\aProject\REngine2.0\REngine2\Engine\Component\Mesh\BaseMeshComponent.cpp(120,69): warning C4244: “参数”: 从“float”转换到“_Ty”，可能丢失数据
          with
          [
              _Ty=uint16_t
          ]
E:\aProject\REngine2.0\REngine2\Engine\Component\Mesh\BaseMeshComponent.cpp(121,75): warning C4244: “参数”: 从“float”转换到“_Ty”，可能丢失数据
          with
          [
              _Ty=uint16_t
          ]
E:\aProject\REngine2.0\REngine2\Engine\Component\Mesh\BaseMeshComponent.cpp(126,58): warning C4267: “初始化”: 从“size_t”转换到“uint32_t”，可能丢失数据
E:\aProject\REngine2.0\REngine2\Engine\Component\Mesh\BaseMeshComponent.cpp(131,42): warning C4244: “参数”: 从“float”转换到“_Ty”，可能丢失数据
          with
          [
              _Ty=uint16_t
          ]
E:\aProject\REngine2.0\REngine2\Engine\Component\Mesh\BaseMeshComponent.cpp(132,50): warning C4244: “参数”: 从“float”转换到“_Ty”，可能丢失数据
          with
          [
              _Ty=uint16_t
          ]
E:\aProject\REngine2.0\REngine2\Engine\Component\Mesh\BaseMeshComponent.cpp(195,24): warning C4244: “初始化”: 从“uint32_t”转换到“float”，可能丢失数据
E:\aProject\REngine2.0\REngine2\Engine\Component\Mesh\BaseMeshComponent.cpp(217,63): warning C4244: “参数”: 从“float”转换到“_Ty”，可能丢失数据
          with
          [
              _Ty=uint16_t
          ]
E:\aProject\REngine2.0\REngine2\Engine\Component\Mesh\BaseMeshComponent.cpp(218,59): warning C4244: “参数”: 从“float”转换到“_Ty”，可能丢失数据
          with
          [
              _Ty=uint16_t
          ]
E:\aProject\REngine2.0\REngine2\Engine\Component\Mesh\BaseMeshComponent.cpp(219,53): warning C4244: “参数”: 从“float”转换到“_Ty”，可能丢失数据
          with
          [
              _Ty=uint16_t
          ]
E:\aProject\REngine2.0\REngine2\Engine\Component\Mesh\BaseMeshComponent.cpp(222,57): warning C4244: “参数”: 从“float”转换到“_Ty”，可能丢失数据
          with
          [
              _Ty=uint16_t
          ]
E:\aProject\REngine2.0\REngine2\Engine\Component\Mesh\BaseMeshComponent.cpp(223,63): warning C4244: “参数”: 从“float”转换到“_Ty”，可能丢失数据
          with
          [
              _Ty=uint16_t
          ]
E:\aProject\REngine2.0\REngine2\Engine\Component\Mesh\BaseMeshComponent.cpp(224,53): warning C4244: “参数”: 从“float”转换到“_Ty”，可能丢失数据
          with
          [
              _Ty=uint16_t
          ]
E:\aProject\REngine2.0\REngine2\Engine\Component\Mesh\BaseMeshComponent.cpp(231,46): warning C4267: “初始化”: 从“size_t”转换到“uint32_t”，可能丢失数据
E:\aProject\REngine2.0\REngine2\Engine\Component\Mesh\BaseMeshComponent.cpp(248,21): warning C4244: “初始化”: 从“unsigned __int64”转换到“float”，可能丢失数据
E:\aProject\REngine2.0\REngine2\Engine\Component\Mesh\BaseMeshComponent.cpp(251,33): warning C4244: “参数”: 从“float”转换到“_Ty”，可能丢失数据
          with
          [
              _Ty=uint16_t
          ]
E:\aProject\REngine2.0\REngine2\Engine\Component\Mesh\BaseMeshComponent.cpp(260,46): warning C4267: “初始化”: 从“size_t”转换到“uint32_t”，可能丢失数据
E:\aProject\REngine2.0\REngine2\Engine\Component\Mesh\BaseMeshComponent.cpp(277,21): warning C4244: “初始化”: 从“unsigned __int64”转换到“float”，可能丢失数据
E:\aProject\REngine2.0\REngine2\Engine\Component\Mesh\BaseMeshComponent.cpp(280,33): warning C4244: “参数”: 从“float”转换到“_Ty”，可能丢失数据
          with
          [
              _Ty=uint16_t
          ]
E:\aProject\REngine2.0\REngine2\Engine\Component\Mesh\BaseMeshComponent.cpp(410,49): warning C4267: “初始化”: 从“size_t”转换到“int”，可能丢失数据
E:\aProject\REngine2.0\REngine2\Engine\Component\Mesh\BaseMeshComponent.cpp(442,24): warning C4244: “初始化”: 从“uint32_t”转换到“float”，可能丢失数据
E:\aProject\REngine2.0\REngine2\Engine\Component\Mesh\BaseMeshComponent.cpp(450,65): warning C4244: “参数”: 从“float”转换到“_Ty”，可能丢失数据
          with
          [
              _Ty=uint16_t
          ]
E:\aProject\REngine2.0\REngine2\Engine\Component\Mesh\BaseMeshComponent.cpp(451,69): warning C4244: “参数”: 从“float”转换到“_Ty”，可能丢失数据
          with
          [
              _Ty=uint16_t
          ]
E:\aProject\REngine2.0\REngine2\Engine\Component\Mesh\BaseMeshComponent.cpp(452,71): warning C4244: “参数”: 从“float”转换到“_Ty”，可能丢失数据
          with
          [
              _Ty=uint16_t
          ]
E:\aProject\REngine2.0\REngine2\Engine\Component\Mesh\BaseMeshComponent.cpp(454,71): warning C4244: “参数”: 从“float”转换到“_Ty”，可能丢失数据
          with
          [
              _Ty=uint16_t
          ]
E:\aProject\REngine2.0\REngine2\Engine\Component\Mesh\BaseMeshComponent.cpp(455,69): warning C4244: “参数”: 从“float”转换到“_Ty”，可能丢失数据
          with
          [
              _Ty=uint16_t
          ]
E:\aProject\REngine2.0\REngine2\Engine\Component\Mesh\BaseMeshComponent.cpp(456,75): warning C4244: “参数”: 从“float”转换到“_Ty”，可能丢失数据
          with
          [
              _Ty=uint16_t
          ]
E:\aProject\REngine2.0\REngine2\Engine\Component\Mesh\BaseMeshComponent.cpp(461,58): warning C4267: “初始化”: 从“size_t”转换到“uint32_t”，可能丢失数据
E:\aProject\REngine2.0\REngine2\Engine\Component\Mesh\BaseMeshComponent.cpp(466,42): warning C4244: “参数”: 从“float”转换到“_Ty”，可能丢失数据
          with
          [
              _Ty=uint16_t
          ]
E:\aProject\REngine2.0\REngine2\Engine\Component\Mesh\BaseMeshComponent.cpp(467,50): warning C4244: “参数”: 从“float”转换到“_Ty”，可能丢失数据
          with
          [
              _Ty=uint16_t
          ]
  Camera.cpp
E:\aProject\REngine2.0\REngine2\Engine\Mesh\MeshType.h(24,30): warning C4267: “return”: 从“size_t”转换到“UINT”，可能丢失数据
E:\aProject\REngine2.0\REngine2\Engine\Mesh\MeshType.h(25,29): warning C4267: “return”: 从“size_t”转换到“UINT”，可能丢失数据
E:\aProject\REngine2.0\REngine2\Engine\Component\Mesh\MeshComponent.h(18,25): warning C4267: “return”: 从“size_t”转换到“UINT”，可能丢失数据
  DXRenderEngine.cpp
E:\aProject\REngine2.0\REngine2\Engine\Mesh\MeshType.h(24,30): warning C4267: “return”: 从“size_t”转换到“UINT”，可能丢失数据
E:\aProject\REngine2.0\REngine2\Engine\Mesh\MeshType.h(25,29): warning C4267: “return”: 从“size_t”转换到“UINT”，可能丢失数据
E:\aProject\REngine2.0\REngine2\Engine\Manage\TextureManage.h(37,24): warning C4267: “return”: 从“size_t”转换到“UINT”，可能丢失数据
E:\aProject\REngine2.0\REngine2\Engine\Component\Mesh\MeshComponent.h(18,25): warning C4267: “return”: 从“size_t”转换到“UINT”，可能丢失数据
E:\aProject\REngine2.0\REngine2\Engine\Render\Engine\DXRenderEngine.cpp(595,62): warning C4244: “=”: 从“int”转换到“FLOAT”，可能丢失数据
E:\aProject\REngine2.0\REngine2\Engine\Render\Engine\DXRenderEngine.cpp(596,63): warning C4244: “=”: 从“int”转换到“FLOAT”，可能丢失数据
  MeshManage.cpp
E:\aProject\REngine2.0\REngine2\Engine\Mesh\MeshType.h(24,30): warning C4267: “return”: 从“size_t”转换到“UINT”，可能丢失数据
E:\aProject\REngine2.0\REngine2\Engine\Mesh\MeshType.h(25,29): warning C4267: “return”: 从“size_t”转换到“UINT”，可能丢失数据
E:\aProject\REngine2.0\REngine2\Engine\Component\Mesh\MeshComponent.h(18,25): warning C4267: “return”: 从“size_t”转换到“UINT”，可能丢失数据
E:\aProject\REngine2.0\REngine2\Engine\Core\Construction\MeshConstruction.h(15,17): error C2664: “void CustomMeshComponent::BuildKey(size_t &,const char *)”: 无法将参数 2 从“_Ty”转换为“const char *”
          with
          [
              _Ty=int
          ]
E:\aProject\REngine2.0\REngine2\Engine\Core\Construction\MeshConstruction.h(15,50): message : 从整型类型转换为指针类型需要 reinterpret_cast、C 样式转换或带圆括号的函数样式强制转换
E:\aProject\REngine2.0\REngine2\Engine\Component\Mesh\BaseMeshComponent.h(35,7): message : 参见“CustomMeshComponent::BuildKey”的声明
E:\aProject\REngine2.0\REngine2\Engine\Manage\MeshManage.cpp(66): message : 查看对正在编译的函数 模板 实例化“T *MeshConstruction::CreateMeshComponent<CustomMeshComponent,int>(RMeshManage *,EMeshRenderLayerType,int &&)”的引用
          with
          [
              T=CustomMeshComponent
          ]
E:\aProject\REngine2.0\REngine2\Engine\Core\Construction\MeshConstruction.h(22,17): error C2664: “void CustomMeshComponent::CreateMesh(MeshRenderData &,const char *)”: 无法将参数 2 从“_Ty”转换为“const char *”
          with
          [
              _Ty=int
          ]
E:\aProject\REngine2.0\REngine2\Engine\Core\Construction\MeshConstruction.h(22,53): message : 从整型类型转换为指针类型需要 reinterpret_cast、C 样式转换或带圆括号的函数样式强制转换
E:\aProject\REngine2.0\REngine2\Engine\Component\Mesh\BaseMeshComponent.h(33,7): message : 参见“CustomMeshComponent::CreateMesh”的声明
  Mesh.cpp
E:\aProject\REngine2.0\REngine2\Engine\Mesh\MeshType.h(24,30): warning C4267: “return”: 从“size_t”转换到“UINT”，可能丢失数据
E:\aProject\REngine2.0\REngine2\Engine\Mesh\MeshType.h(25,29): warning C4267: “return”: 从“size_t”转换到“UINT”，可能丢失数据
E:\aProject\REngine2.0\REngine2\Engine\Manage\TextureManage.h(37,24): warning C4267: “return”: 从“size_t”转换到“UINT”，可能丢失数据
E:\aProject\REngine2.0\REngine2\Engine\Component\Mesh\MeshComponent.h(18,25): warning C4267: “return”: 从“size_t”转换到“UINT”，可能丢失数据
E:\aProject\REngine2.0\REngine2\Engine\Core\Construction\MeshConstruction.h(15,17): error C2664: “void CustomMeshComponent::BuildKey(size_t &,const char *)”: 无法将参数 2 从“std::string”转换为“const char *”
E:\aProject\REngine2.0\REngine2\Engine\Core\Construction\MeshConstruction.h(15,50): message : 没有可用于执行该转换的用户定义的转换运算符，或者无法调用该运算符
E:\aProject\REngine2.0\REngine2\Engine\Component\Mesh\BaseMeshComponent.h(35,7): message : 参见“CustomMeshComponent::BuildKey”的声明
E:\aProject\REngine2.0\REngine2\Engine\Core\Construction\ActorMeshConstruction.h(9): message : 查看对正在编译的函数 模板 实例化“T *MeshConstruction::CreateMeshComponent<CustomMeshComponent,std::string&>(RMeshManage *,EMeshRenderLayerType,std::string &)”的引用
          with
          [
              T=CustomMeshComponent
          ]
E:\aProject\REngine2.0\REngine2\Engine\Mesh\Mesh.cpp(123): message : 查看对正在编译的函数 模板 实例化“T *ActorMeshConstruction::CreateMeshRenderData<CustomMeshComponent,std::string&>(RMeshManage *,EMeshRenderLayerType,std::string &)”的引用
          with
          [
              T=CustomMeshComponent
          ]
E:\aProject\REngine2.0\REngine2\Engine\Core\Construction\MeshConstruction.h(22,17): error C2664: “void CustomMeshComponent::CreateMesh(MeshRenderData &,const char *)”: 无法将参数 2 从“std::string”转换为“const char *”
E:\aProject\REngine2.0\REngine2\Engine\Core\Construction\MeshConstruction.h(22,53): message : 没有可用于执行该转换的用户定义的转换运算符，或者无法调用该运算符
E:\aProject\REngine2.0\REngine2\Engine\Component\Mesh\BaseMeshComponent.h(33,7): message : 参见“CustomMeshComponent::CreateMesh”的声明
  GeometryMap.cpp
E:\aProject\REngine2.0\REngine2\Engine\Mesh\MeshType.h(24,30): warning C4267: “return”: 从“size_t”转换到“UINT”，可能丢失数据
E:\aProject\REngine2.0\REngine2\Engine\Mesh\MeshType.h(25,29): warning C4267: “return”: 从“size_t”转换到“UINT”，可能丢失数据
E:\aProject\REngine2.0\REngine2\Engine\Manage\TextureManage.h(37,24): warning C4267: “return”: 从“size_t”转换到“UINT”，可能丢失数据
E:\aProject\REngine2.0\REngine2\Engine\Component\Mesh\MeshComponent.h(18,25): warning C4267: “return”: 从“size_t”转换到“UINT”，可能丢失数据
E:\aProject\REngine2.0\REngine2\Engine\Render\Pipeline\Geometry\GeometryMap.cpp(63,58): warning C4267: “参数”: 从“size_t”转换到“int”，可能丢失数据
E:\aProject\REngine2.0\REngine2\Engine\Render\Pipeline\Geometry\GeometryMap.cpp(332,56): warning C4267: “=”: 从“size_t”转换到“UINT”，可能丢失数据
E:\aProject\REngine2.0\REngine2\Engine\Render\Pipeline\Geometry\GeometryMap.cpp(333,58): warning C4267: “=”: 从“size_t”转换到“UINT”，可能丢失数据
E:\aProject\REngine2.0\REngine2\Engine\Render\Pipeline\Geometry\GeometryMap.cpp(335,74): warning C4267: “=”: 从“size_t”转换到“UINT”，可能丢失数据
E:\aProject\REngine2.0\REngine2\Engine\Render\Pipeline\Geometry\GeometryMap.cpp(336,76): warning C4267: “=”: 从“size_t”转换到“UINT”，可能丢失数据
  BaseRenderLayer.cpp
E:\aProject\REngine2.0\REngine2\Engine\Mesh\MeshType.h(24,30): warning C4267: “return”: 从“size_t”转换到“UINT”，可能丢失数据
E:\aProject\REngine2.0\REngine2\Engine\Mesh\MeshType.h(25,29): warning C4267: “return”: 从“size_t”转换到“UINT”，可能丢失数据
E:\aProject\REngine2.0\REngine2\Engine\Component\Mesh\MeshComponent.h(18,25): warning C4267: “return”: 从“size_t”转换到“UINT”，可能丢失数据
E:\aProject\REngine2.0\REngine2\Engine\Render\Pipeline\RenderLayer\BaseRenderLayer.cpp(128,29): warning C4267: “return”: 从“size_t”转换到“UINT”，可能丢失数据
  RenderLayerManage.cpp
E:\aProject\REngine2.0\REngine2\Engine\Mesh\MeshType.h(24,30): warning C4267: “return”: 从“size_t”转换到“UINT”，可能丢失数据
E:\aProject\REngine2.0\REngine2\Engine\Mesh\MeshType.h(25,29): warning C4267: “return”: 从“size_t”转换到“UINT”，可能丢失数据
D:\Microsoft\Visual Studio community 2022\VC\Tools\MSVC\14.32.31326\include\utility(330,10): error C2079: “std::pair<const int,RGeometry>::second”使用未定义的 struct“RGeometry”
D:\Microsoft\Visual Studio community 2022\VC\Tools\MSVC\14.32.31326\include\xtree(331): message : 查看对正在编译的 类 模板 实例化“std::pair<const int,RGeometry>”的引用
D:\Microsoft\Visual Studio community 2022\VC\Tools\MSVC\14.32.31326\include\xtree(752): message : 查看对正在编译的 类 模板 实例化“std::_Tree_node<std::pair<const int,RGeometry>,std::_Default_allocator_traits<_Alloc>::void_pointer>”的引用
          with
          [
              _Alloc=std::allocator<std::pair<const int,RGeometry>>
          ]
D:\Microsoft\Visual Studio community 2022\VC\Tools\MSVC\14.32.31326\include\xtree(1083): message : 查看对正在编译的函数 模板 实例化“void std::_Tree_val<std::_Tree_simple_types<std::pair<const int,RGeometry>>>::_Erase_head<std::allocator<std::_Tree_node<std::pair<const int,RGeometry>,std::_Default_allocator_traits<_Alloc>::void_pointer>>>(_Alnode &) noexcept”的引用
          with
          [
              _Alloc=std::allocator<std::pair<const int,RGeometry>>,
              _Alnode=std::allocator<std::_Tree_node<std::pair<const int,RGeometry>,std::_Default_allocator_traits<std::allocator<std::pair<const int,RGeometry>>>::void_pointer>>
          ]
D:\Microsoft\Visual Studio community 2022\VC\Tools\MSVC\14.32.31326\include\xtree(1083): message : 查看对正在编译的函数 模板 实例化“void std::_Tree_val<std::_Tree_simple_types<std::pair<const int,RGeometry>>>::_Erase_head<std::allocator<std::_Tree_node<std::pair<const int,RGeometry>,std::_Default_allocator_traits<_Alloc>::void_pointer>>>(_Alnode &) noexcept”的引用
          with
          [
              _Alloc=std::allocator<std::pair<const int,RGeometry>>,
              _Alnode=std::allocator<std::_Tree_node<std::pair<const int,RGeometry>,std::_Default_allocator_traits<std::allocator<std::pair<const int,RGeometry>>>::void_pointer>>
          ]
D:\Microsoft\Visual Studio community 2022\VC\Tools\MSVC\14.32.31326\include\xtree(1081): message : 在编译 类 模板 成员函数“std::_Tree<std::_Tmap_traits<_Kty,_Ty,_Pr,_Alloc,false>>::~_Tree(void) noexcept”时
          with
          [
              _Kty=int,
              _Ty=RGeometry,
              _Pr=std::less<int>,
              _Alloc=std::allocator<std::pair<const int,RGeometry>>
          ]
D:\Microsoft\Visual Studio community 2022\VC\Tools\MSVC\14.32.31326\include\map(346): message : 查看对正在编译的函数 模板 实例化“std::_Tree<std::_Tmap_traits<_Kty,_Ty,_Pr,_Alloc,false>>::~_Tree(void) noexcept”的引用
          with
          [
              _Kty=int,
              _Ty=RGeometry,
              _Pr=std::less<int>,
              _Alloc=std::allocator<std::pair<const int,RGeometry>>
          ]
D:\Microsoft\Visual Studio community 2022\VC\Tools\MSVC\14.32.31326\include\map(73): message : 查看对正在编译的 类 模板 实例化“std::_Tree<std::_Tmap_traits<_Kty,_Ty,_Pr,_Alloc,false>>”的引用
          with
          [
              _Kty=int,
              _Ty=RGeometry,
              _Pr=std::less<int>,
              _Alloc=std::allocator<std::pair<const int,RGeometry>>
          ]
E:\aProject\REngine2.0\REngine2\Engine\Render\Pipeline\RenderLayer\RenderLayerManage.cpp(30): message : 查看对正在编译的 类 模板 实例化“std::map<int,RGeometry,std::less<int>,std::allocator<std::pair<const int,RGeometry>>>”的引用
  正在生成代码...
E:\aProject\REngine2.0\REngine2\simple_library\public\simple_math\transformation\vector\vector_4d.h(74): warning C4717: “fvector_4d::operator*”: 如递归所有控件路径，函数将导致运行时堆栈溢出
E:\aProject\REngine2.0\REngine2\simple_library\public\simple_math\transformation\vector\vector_4d.h(74): warning C4717: “fvector_4d::operator*”: 如递归所有控件路径，函数将导致运行时堆栈溢出
E:\aProject\REngine2.0\REngine2\simple_library\public\simple_math\transformation\vector\vector_4d.h(74): warning C4717: “fvector_4d::operator*”: 如递归所有控件路径，函数将导致运行时堆栈溢出
E:\aProject\REngine2.0\REngine2\simple_library\public\simple_math\transformation\vector\vector_4d.h(74): warning C4717: “fvector_4d::operator*”: 如递归所有控件路径，函数将导致运行时堆栈溢出
E:\aProject\REngine2.0\REngine2\simple_library\public\simple_math\transformation\vector\vector_4d.h(74): warning C4717: “fvector_4d::operator*”: 如递归所有控件路径，函数将导致运行时堆栈溢出
E:\aProject\REngine2.0\REngine2\simple_library\public\simple_math\transformation\vector\vector_4d.h(74): warning C4717: “fvector_4d::operator*”: 如递归所有控件路径，函数将导致运行时堆栈溢出
