  simple_cpp_helper_file.cpp
E:\ademo\REngine2.0\EngineBuildTool\simple_library\private\simple_cpp_core_minimal\simple_cpp_helper_file\simple_cpp_helper_file.cpp(133,23): warning C4267: “+=”: 从“size_t”转换到“int”，可能丢失数据
E:\ademo\REngine2.0\EngineBuildTool\simple_library\private\simple_cpp_core_minimal\simple_cpp_helper_file\simple_cpp_helper_file.cpp(137,29): warning C4267: “+=”: 从“size_t”转换到“int”，可能丢失数据
E:\ademo\REngine2.0\EngineBuildTool\simple_library\private\simple_cpp_core_minimal\simple_cpp_helper_file\simple_cpp_helper_file.cpp(148,41): warning C4267: “初始化”: 从“size_t”转换到“int”，可能丢失数据
E:\ademo\REngine2.0\EngineBuildTool\simple_library\private\simple_cpp_core_minimal\simple_cpp_helper_file\simple_cpp_helper_file.cpp(149,7): warning C4267: “参数”: 从“size_t”转换到“int”，可能丢失数据
  simple_cpp_string_algorithm.cpp
E:\ademo\REngine2.0\EngineBuildTool\simple_library\private\simple_cpp_core_minimal\simple_cpp_string_algorithm\simple_cpp_string_algorithm.cpp(31,50): warning C4267: “初始化”: 从“size_t”转换到“int”，可能丢失数据
E:\ademo\REngine2.0\EngineBuildTool\simple_library\private\simple_cpp_core_minimal\simple_cpp_string_algorithm\simple_cpp_string_algorithm.cpp(32,46): warning C4267: “初始化”: 从“size_t”转换到“int”，可能丢失数据
  simple_image_bmp.cpp
  simple_image.cpp
E:\ademo\REngine2.0\EngineBuildTool\simple_library\private\simple_image\simple_image.cpp(42,61): warning C4267: “参数”: 从“size_t”转换到“int”，可能丢失数据
E:\ademo\REngine2.0\EngineBuildTool\simple_library\private\simple_image\simple_image.cpp(85,44): warning C4267: “=”: 从“size_t”转换到“BYTE”，可能丢失数据
E:\ademo\REngine2.0\EngineBuildTool\simple_library\private\simple_image\simple_image.cpp(86,45): warning C4267: “=”: 从“size_t”转换到“BYTE”，可能丢失数据
E:\ademo\REngine2.0\EngineBuildTool\simple_library\private\simple_image\simple_image.cpp(87,43): warning C4267: “=”: 从“size_t”转换到“BYTE”，可能丢失数据
  math_utils.cpp
E:\ademo\REngine2.0\EngineBuildTool\simple_library\private\simple_math\math_utils.cpp(44,22): warning C4244: “return”: 从“double”转换到“float”，可能丢失数据
E:\ademo\REngine2.0\EngineBuildTool\simple_library\private\simple_math\math_utils.cpp(49,23): warning C4244: “return”: 从“double”转换到“float”，可能丢失数据
E:\ademo\REngine2.0\EngineBuildTool\simple_library\private\simple_math\math_utils.cpp(58,33): warning C4244: “=”: 从“double”转换到“float”，可能丢失数据
E:\ademo\REngine2.0\EngineBuildTool\simple_library\private\simple_math\math_utils.cpp(59,30): warning C4244: “=”: 从“double”转换到“float”，可能丢失数据
E:\ademo\REngine2.0\EngineBuildTool\simple_library\private\simple_math\math_utils.cpp(60,33): warning C4244: “=”: 从“double”转换到“float”，可能丢失数据
E:\ademo\REngine2.0\EngineBuildTool\simple_library\private\simple_math\math_utils.cpp(61,33): warning C4244: “=”: 从“double”转换到“float”，可能丢失数据
E:\ademo\REngine2.0\EngineBuildTool\simple_library\private\simple_math\math_utils.cpp(69,25): warning C4244: “初始化”: 从“double”转换到“float”，可能丢失数据
E:\ademo\REngine2.0\EngineBuildTool\simple_library\private\simple_math\math_utils.cpp(111,21): warning C4244: “初始化”: 从“double”转换到“float”，可能丢失数据
E:\ademo\REngine2.0\EngineBuildTool\simple_library\private\simple_math\math_utils.cpp(170,48): warning C4244: “参数”: 从“double”转换到“float”，可能丢失数据
E:\ademo\REngine2.0\EngineBuildTool\simple_library\private\simple_math\math_utils.cpp(170,13): warning C4244: “参数”: 从“double”转换到“float”，可能丢失数据
E:\ademo\REngine2.0\EngineBuildTool\simple_library\private\simple_math\math_utils.cpp(168,48): warning C4244: “参数”: 从“double”转换到“float”，可能丢失数据
E:\ademo\REngine2.0\EngineBuildTool\simple_library\private\simple_math\math_utils.cpp(168,16): warning C4244: “参数”: 从“double”转换到“float”，可能丢失数据
E:\ademo\REngine2.0\EngineBuildTool\simple_library\private\simple_math\math_utils.cpp(180,44): warning C4244: “参数”: 从“double”转换到“float”，可能丢失数据
E:\ademo\REngine2.0\EngineBuildTool\simple_library\private\simple_math\math_utils.cpp(180,28): warning C4244: “参数”: 从“double”转换到“float”，可能丢失数据
E:\ademo\REngine2.0\EngineBuildTool\simple_library\private\simple_math\math_utils.cpp(179,41): warning C4244: “参数”: 从“double”转换到“float”，可能丢失数据
E:\ademo\REngine2.0\EngineBuildTool\simple_library\private\simple_math\math_utils.cpp(179,28): warning C4244: “参数”: 从“double”转换到“float”，可能丢失数据
E:\ademo\REngine2.0\EngineBuildTool\simple_library\private\simple_math\math_utils.cpp(189,32): warning C4244: “参数”: 从“double”转换到“float”，可能丢失数据
E:\ademo\REngine2.0\EngineBuildTool\simple_library\private\simple_math\math_utils.cpp(189,16): warning C4244: “参数”: 从“double”转换到“float”，可能丢失数据
E:\ademo\REngine2.0\EngineBuildTool\simple_library\private\simple_math\math_utils.cpp(188,29): warning C4244: “参数”: 从“double”转换到“float”，可能丢失数据
E:\ademo\REngine2.0\EngineBuildTool\simple_library\private\simple_math\math_utils.cpp(188,16): warning C4244: “参数”: 从“double”转换到“float”，可能丢失数据
E:\ademo\REngine2.0\EngineBuildTool\simple_library\private\simple_math\math_utils.cpp(204,153): warning C4244: “参数”: 从“double”转换到“float”，可能丢失数据
E:\ademo\REngine2.0\EngineBuildTool\simple_library\private\simple_math\math_utils.cpp(204,99): warning C4244: “参数”: 从“double”转换到“float”，可能丢失数据
E:\ademo\REngine2.0\EngineBuildTool\simple_library\private\simple_math\math_utils.cpp(204,45): warning C4244: “参数”: 从“double”转换到“float”，可能丢失数据
E:\ademo\REngine2.0\EngineBuildTool\simple_library\private\simple_math\math_utils.cpp(203,153): warning C4244: “参数”: 从“double”转换到“float”，可能丢失数据
E:\ademo\REngine2.0\EngineBuildTool\simple_library\private\simple_math\math_utils.cpp(203,99): warning C4244: “参数”: 从“double”转换到“float”，可能丢失数据
E:\ademo\REngine2.0\EngineBuildTool\simple_library\private\simple_math\math_utils.cpp(203,45): warning C4244: “参数”: 从“double”转换到“float”，可能丢失数据
E:\ademo\REngine2.0\EngineBuildTool\simple_library\private\simple_math\math_utils.cpp(202,153): warning C4244: “参数”: 从“double”转换到“float”，可能丢失数据
E:\ademo\REngine2.0\EngineBuildTool\simple_library\private\simple_math\math_utils.cpp(202,99): warning C4244: “参数”: 从“double”转换到“float”，可能丢失数据
E:\ademo\REngine2.0\EngineBuildTool\simple_library\private\simple_math\math_utils.cpp(202,45): warning C4244: “参数”: 从“double”转换到“float”，可能丢失数据
E:\ademo\REngine2.0\EngineBuildTool\simple_library\private\simple_math\math_utils.cpp(265,28): warning C4244: “初始化”: 从“double”转换到“float”，可能丢失数据
E:\ademo\REngine2.0\EngineBuildTool\simple_library\private\simple_math\math_utils.cpp(323,21): warning C4244: “初始化”: 从“double”转换到“float”，可能丢失数据
E:\ademo\REngine2.0\EngineBuildTool\simple_library\private\simple_math\math_utils.cpp(327,18): warning C4244: “=”: 从“double”转换到“float”，可能丢失数据
E:\ademo\REngine2.0\EngineBuildTool\simple_library\private\simple_math\math_utils.cpp(329,24): warning C4244: “初始化”: 从“double”转换到“float”，可能丢失数据
  soft_rasterization.cpp
E:\ademo\REngine2.0\EngineBuildTool\simple_library\public\simple_math\soft_rasterization\soft_rasterization.h(37,32): warning C4251: “soft_rasterization::fobject::gobject_array”: class“std::vector<soft_rasterization::fobject *,std::allocator<soft_rasterization::fobject *>>”需要有 dll 接口由 class“soft_rasterization::fobject”的客户端使用
E:\ademo\REngine2.0\EngineBuildTool\simple_library\public\simple_math\soft_rasterization\soft_rasterization.h(37): message : 参见“std::vector<soft_rasterization::fobject *,std::allocator<soft_rasterization::fobject *>>”的声明
E:\ademo\REngine2.0\EngineBuildTool\simple_library\public\simple_math\soft_rasterization\soft_rasterization.h(45,28): warning C4251: “soft_rasterization::fcomponent::children”: class“std::vector<soft_rasterization::fcomponent *,std::allocator<soft_rasterization::fcomponent *>>”需要有 dll 接口由 class“soft_rasterization::fcomponent”的客户端使用
E:\ademo\REngine2.0\EngineBuildTool\simple_library\public\simple_math\soft_rasterization\soft_rasterization.h(45): message : 参见“std::vector<soft_rasterization::fcomponent *,std::allocator<soft_rasterization::fcomponent *>>”的声明
E:\ademo\REngine2.0\EngineBuildTool\simple_library\public\simple_math\soft_rasterization\soft_rasterization.h(86,27): warning C4251: “soft_rasterization::fmesh_component::vertex_data”: class“std::vector<fvector_3d,std::allocator<fvector_3d>>”需要有 dll 接口由 class“soft_rasterization::fmesh_component”的客户端使用
E:\ademo\REngine2.0\EngineBuildTool\simple_library\public\simple_math\soft_rasterization\soft_rasterization.h(86): message : 参见“std::vector<fvector_3d,std::allocator<fvector_3d>>”的声明
E:\ademo\REngine2.0\EngineBuildTool\simple_library\public\simple_math\soft_rasterization\soft_rasterization.h(146,27): warning C4251: “soft_rasterization::frender_data_3d::vertex_data”: class“std::vector<fvector_3d,std::allocator<fvector_3d>>”需要有 dll 接口由 struct“soft_rasterization::frender_data_3d”的客户端使用
E:\ademo\REngine2.0\EngineBuildTool\simple_library\public\simple_math\soft_rasterization\soft_rasterization.h(86): message : 参见“std::vector<fvector_3d,std::allocator<fvector_3d>>”的声明
E:\ademo\REngine2.0\EngineBuildTool\simple_library\public\simple_math\soft_rasterization\soft_rasterization.h(147,25): warning C4251: “soft_rasterization::frender_data_3d::index_data”: class“std::vector<uint16_t,std::allocator<uint16_t>>”需要有 dll 接口由 struct“soft_rasterization::frender_data_3d”的客户端使用
E:\ademo\REngine2.0\EngineBuildTool\simple_library\public\simple_math\soft_rasterization\soft_rasterization.h(147): message : 参见“std::vector<uint16_t,std::allocator<uint16_t>>”的声明
E:\ademo\REngine2.0\EngineBuildTool\simple_library\public\simple_math\soft_rasterization\soft_rasterization.h(154,27): warning C4251: “soft_rasterization::frender_data_2d::vertex_data”: class“std::vector<fvector_2d,std::allocator<fvector_2d>>”需要有 dll 接口由 struct“soft_rasterization::frender_data_2d”的客户端使用
E:\ademo\REngine2.0\EngineBuildTool\simple_library\public\simple_math\soft_rasterization\soft_rasterization.h(154): message : 参见“std::vector<fvector_2d,std::allocator<fvector_2d>>”的声明
E:\ademo\REngine2.0\EngineBuildTool\simple_library\public\simple_math\soft_rasterization\soft_rasterization.h(155,25): warning C4251: “soft_rasterization::frender_data_2d::index_data”: class“std::vector<uint16_t,std::allocator<uint16_t>>”需要有 dll 接口由 struct“soft_rasterization::frender_data_2d”的客户端使用
E:\ademo\REngine2.0\EngineBuildTool\simple_library\public\simple_math\soft_rasterization\soft_rasterization.h(147): message : 参见“std::vector<uint16_t,std::allocator<uint16_t>>”的声明
E:\ademo\REngine2.0\EngineBuildTool\simple_library\public\simple_math\soft_rasterization\soft_rasterization.h(190,29): warning C4251: “soft_rasterization::frender_engine::draw_obj”: class“std::vector<soft_rasterization::fmesh_actor *,std::allocator<soft_rasterization::fmesh_actor *>>”需要有 dll 接口由 class“soft_rasterization::frender_engine”的客户端使用
E:\ademo\REngine2.0\EngineBuildTool\simple_library\public\simple_math\soft_rasterization\soft_rasterization.h(178): message : 参见“std::vector<soft_rasterization::fmesh_actor *,std::allocator<soft_rasterization::fmesh_actor *>>”的声明
E:\ademo\REngine2.0\EngineBuildTool\simple_library\public\simple_math\soft_rasterization\soft_rasterization.h(193,32): warning C4251: “soft_rasterization::frender_engine::frame_render_data3”: class“std::vector<soft_rasterization::frender_data_3d,std::allocator<soft_rasterization::frender_data_3d>>”需要有 dll 接口由 class“soft_rasterization::frender_engine”的客户端使用
E:\ademo\REngine2.0\EngineBuildTool\simple_library\public\simple_math\soft_rasterization\soft_rasterization.h(193): message : 参见“std::vector<soft_rasterization::frender_data_3d,std::allocator<soft_rasterization::frender_data_3d>>”的声明
E:\ademo\REngine2.0\EngineBuildTool\simple_library\public\simple_math\soft_rasterization\soft_rasterization.h(194,16): warning C4251: “soft_rasterization::frender_engine::wpath”: class“std::basic_string<wchar_t,std::char_traits<wchar_t>,std::allocator<wchar_t>>”需要有 dll 接口由 class“soft_rasterization::frender_engine”的客户端使用
D:\Microsoft Visual Studio\2022\Community\VC\Tools\MSVC\14.33.31629\include\xstring(5187): message : 参见“std::basic_string<wchar_t,std::char_traits<wchar_t>,std::allocator<wchar_t>>”的声明
E:\ademo\REngine2.0\EngineBuildTool\simple_library\private\simple_math\soft_rasterization\soft_rasterization.cpp(300,38): warning C4244: “=”: 从“float”转换到“_Ty”，可能丢失数据
          with
          [
              _Ty=unsigned char
          ]
E:\ademo\REngine2.0\EngineBuildTool\simple_library\private\simple_math\soft_rasterization\soft_rasterization.cpp(301,42): warning C4244: “=”: 从“float”转换到“_Ty”，可能丢失数据
          with
          [
              _Ty=unsigned char
          ]
E:\ademo\REngine2.0\EngineBuildTool\simple_library\private\simple_math\soft_rasterization\soft_rasterization.cpp(302,42): warning C4244: “=”: 从“float”转换到“_Ty”，可能丢失数据
          with
          [
              _Ty=unsigned char
          ]
  matrix_2x2.cpp
  matrix_3x3.cpp
E:\ademo\REngine2.0\EngineBuildTool\simple_library\private\simple_math\transformation\matrix\matrix_3x3.cpp(36,24): warning C4244: “=”: 从“double”转换到“float”，可能丢失数据
E:\ademo\REngine2.0\EngineBuildTool\simple_library\private\simple_math\transformation\matrix\matrix_3x3.cpp(37,25): warning C4244: “=”: 从“double”转换到“float”，可能丢失数据
E:\ademo\REngine2.0\EngineBuildTool\simple_library\private\simple_math\transformation\matrix\matrix_3x3.cpp(38,15): warning C4244: “=”: 从“double”转换到“float”，可能丢失数据
E:\ademo\REngine2.0\EngineBuildTool\simple_library\private\simple_math\transformation\matrix\matrix_3x3.cpp(40,15): warning C4244: “=”: 从“double”转换到“float”，可能丢失数据
E:\ademo\REngine2.0\EngineBuildTool\simple_library\private\simple_math\transformation\matrix\matrix_3x3.cpp(41,15): warning C4244: “=”: 从“double”转换到“float”，可能丢失数据
E:\ademo\REngine2.0\EngineBuildTool\simple_library\private\simple_math\transformation\matrix\matrix_3x3.cpp(42,11): warning C4244: “=”: 从“double”转换到“float”，可能丢失数据
E:\ademo\REngine2.0\EngineBuildTool\simple_library\private\simple_math\transformation\matrix\matrix_3x3.cpp(44,25): warning C4244: “=”: 从“double”转换到“float”，可能丢失数据
E:\ademo\REngine2.0\EngineBuildTool\simple_library\private\simple_math\transformation\matrix\matrix_3x3.cpp(45,24): warning C4244: “=”: 从“double”转换到“float”，可能丢失数据
E:\ademo\REngine2.0\EngineBuildTool\simple_library\private\simple_math\transformation\matrix\matrix_3x3.cpp(46,15): warning C4244: “=”: 从“double”转换到“float”，可能丢失数据
  matrix_4x4.cpp
  line.cpp
E:\ademo\REngine2.0\EngineBuildTool\simple_library\private\simple_math\transformation\primitives\line.cpp(38,13): warning C4244: “初始化”: 从“float”转换到“int”，可能丢失数据
  triangle.cpp
E:\ademo\REngine2.0\EngineBuildTool\simple_library\private\simple_math\transformation\primitives\triangle.cpp(18,18): warning C4244: “参数”: 从“int”转换到“float”，可能丢失数据
E:\ademo\REngine2.0\EngineBuildTool\simple_library\private\simple_math\transformation\primitives\triangle.cpp(18,15): warning C4244: “参数”: 从“int”转换到“float”，可能丢失数据
E:\ademo\REngine2.0\EngineBuildTool\simple_library\private\simple_math\transformation\primitives\triangle.cpp(25,18): warning C4244: “参数”: 从“int”转换到“float”，可能丢失数据
E:\ademo\REngine2.0\EngineBuildTool\simple_library\private\simple_math\transformation\primitives\triangle.cpp(25,15): warning C4244: “参数”: 从“int”转换到“float”，可能丢失数据
E:\ademo\REngine2.0\EngineBuildTool\simple_library\private\simple_math\transformation\primitives\triangle.cpp(32,18): warning C4244: “参数”: 从“int”转换到“float”，可能丢失数据
E:\ademo\REngine2.0\EngineBuildTool\simple_library\private\simple_math\transformation\primitives\triangle.cpp(32,15): warning C4244: “参数”: 从“int”转换到“float”，可能丢失数据
  quat.cpp
E:\ademo\REngine2.0\EngineBuildTool\simple_library\private\simple_math\transformation\quaternion\quat.cpp(166,28): warning C4244: “return”: 从“double”转换到“float”，可能丢失数据
  rotator.cpp
E:\ademo\REngine2.0\EngineBuildTool\simple_library\private\simple_math\transformation\rotator\rotator.cpp(16,24): warning C4244: “=”: 从“double”转换到“float”，可能丢失数据
E:\ademo\REngine2.0\EngineBuildTool\simple_library\private\simple_math\transformation\rotator\rotator.cpp(20,24): warning C4244: “=”: 从“double”转换到“float”，可能丢失数据
E:\ademo\REngine2.0\EngineBuildTool\simple_library\private\simple_math\transformation\rotator\rotator.cpp(21,21): warning C4244: “=”: 从“double”转换到“float”，可能丢失数据
E:\ademo\REngine2.0\EngineBuildTool\simple_library\private\simple_math\transformation\rotator\rotator.cpp(22,21): warning C4244: “=”: 从“double”转换到“float”，可能丢失数据
E:\ademo\REngine2.0\EngineBuildTool\simple_library\private\simple_math\transformation\rotator\rotator.cpp(36,24): warning C4244: “=”: 从“double”转换到“float”，可能丢失数据
E:\ademo\REngine2.0\EngineBuildTool\simple_library\private\simple_math\transformation\rotator\rotator.cpp(41,21): warning C4244: “=”: 从“double”转换到“float”，可能丢失数据
E:\ademo\REngine2.0\EngineBuildTool\simple_library\private\simple_math\transformation\rotator\rotator.cpp(42,24): warning C4244: “=”: 从“double”转换到“float”，可能丢失数据
E:\ademo\REngine2.0\EngineBuildTool\simple_library\private\simple_math\transformation\rotator\rotator.cpp(45,21): warning C4244: “=”: 从“double”转换到“float”，可能丢失数据
E:\ademo\REngine2.0\EngineBuildTool\simple_library\private\simple_math\transformation\rotator\rotator.cpp(83,24): warning C4244: “=”: 从“double”转换到“float”，可能丢失数据
E:\ademo\REngine2.0\EngineBuildTool\simple_library\private\simple_math\transformation\rotator\rotator.cpp(88,21): warning C4244: “=”: 从“double”转换到“float”，可能丢失数据
E:\ademo\REngine2.0\EngineBuildTool\simple_library\private\simple_math\transformation\rotator\rotator.cpp(89,24): warning C4244: “=”: 从“double”转换到“float”，可能丢失数据
E:\ademo\REngine2.0\EngineBuildTool\simple_library\private\simple_math\transformation\rotator\rotator.cpp(92,21): warning C4244: “=”: 从“double”转换到“float”，可能丢失数据
E:\ademo\REngine2.0\EngineBuildTool\simple_library\private\simple_math\transformation\rotator\rotator.cpp(122,24): warning C4244: “=”: 从“double”转换到“float”，可能丢失数据
E:\ademo\REngine2.0\EngineBuildTool\simple_library\private\simple_math\transformation\rotator\rotator.cpp(127,24): warning C4244: “=”: 从“double”转换到“float”，可能丢失数据
E:\ademo\REngine2.0\EngineBuildTool\simple_library\private\simple_math\transformation\rotator\rotator.cpp(128,21): warning C4244: “=”: 从“double”转换到“float”，可能丢失数据
E:\ademo\REngine2.0\EngineBuildTool\simple_library\private\simple_math\transformation\rotator\rotator.cpp(129,21): warning C4244: “=”: 从“double”转换到“float”，可能丢失数据
  vector_2d.cpp
  vector_2id.cpp
  vector_3d.cpp
E:\ademo\REngine2.0\EngineBuildTool\simple_library\private\simple_math\transformation\vector\vector_3d.cpp(24,4): warning C4244: “初始化”: 从“int”转换到“float”，可能丢失数据
E:\ademo\REngine2.0\EngineBuildTool\simple_library\private\simple_math\transformation\vector\vector_3d.cpp(25,4): warning C4244: “初始化”: 从“int”转换到“float”，可能丢失数据
E:\ademo\REngine2.0\EngineBuildTool\simple_library\private\simple_math\transformation\vector\vector_3d.cpp(26,4): warning C4244: “初始化”: 从“int”转换到“float”，可能丢失数据
  vector_3id.cpp
  vector_4d.cpp
  vector_4id.cpp
  vector_color.cpp
  正在生成代码...
E:\ademo\REngine2.0\EngineBuildTool\simple_library\public\simple_math\transformation\vector\vector_4d.h(74): warning C4717: “fvector_4d::operator*”: 如递归所有控件路径，函数将导致运行时堆栈溢出
E:\ademo\REngine2.0\EngineBuildTool\simple_library\public\simple_math\transformation\vector\vector_4d.h(74): warning C4717: “fvector_4d::operator*”: 如递归所有控件路径，函数将导致运行时堆栈溢出
E:\ademo\REngine2.0\EngineBuildTool\simple_library\public\simple_math\transformation\vector\vector_4d.h(74): warning C4717: “fvector_4d::operator*”: 如递归所有控件路径，函数将导致运行时堆栈溢出
E:\ademo\REngine2.0\EngineBuildTool\simple_library\public\simple_math\transformation\vector\vector_4d.h(74): warning C4717: “fvector_4d::operator*”: 如递归所有控件路径，函数将导致运行时堆栈溢出
E:\ademo\REngine2.0\EngineBuildTool\simple_library\public\simple_math\transformation\vector\vector_4d.h(74): warning C4717: “fvector_4d::operator*”: 如递归所有控件路径，函数将导致运行时堆栈溢出
E:\ademo\REngine2.0\EngineBuildTool\simple_library\public\simple_math\transformation\vector\vector_4d.h(74): warning C4717: “fvector_4d::operator*”: 如递归所有控件路径，函数将导致运行时堆栈溢出
E:\ademo\REngine2.0\EngineBuildTool\simple_library\public\simple_math\transformation\vector\vector_4d.h(74): warning C4717: “fvector_4d::operator*”: 如递归所有控件路径，函数将导致运行时堆栈溢出
  simple_c_array_string.c
E:\ademo\REngine2.0\EngineBuildTool\simple_library\private\simple_core_minimal\simple_c_core\simple_c_array\simple_c_array_string.c(66,2): warning C4013: “remove_char_end”未定义；假设外部返回 int
  string_algorithm.c
E:\ademo\REngine2.0\EngineBuildTool\simple_library\private\simple_core_minimal\simple_c_core\simple_c_string_algorithm\string_algorithm.c(6,12): warning C4267: “初始化”: 从“size_t”转换到“int”，可能丢失数据
E:\ademo\REngine2.0\EngineBuildTool\simple_library\private\simple_core_minimal\simple_c_core\simple_c_string_algorithm\string_algorithm.c(41,18): warning C4267: “初始化”: 从“size_t”转换到“int”，可能丢失数据
E:\ademo\REngine2.0\EngineBuildTool\simple_library\private\simple_core_minimal\simple_c_core\simple_c_string_algorithm\string_algorithm.c(57,17): warning C4267: “初始化”: 从“size_t”转换到“int”，可能丢失数据
E:\ademo\REngine2.0\EngineBuildTool\simple_library\private\simple_core_minimal\simple_c_core\simple_c_string_algorithm\string_algorithm.c(80,20): warning C4267: “=”: 从“size_t”转换到“int”，可能丢失数据
E:\ademo\REngine2.0\EngineBuildTool\simple_library\private\simple_core_minimal\simple_c_core\simple_c_string_algorithm\string_algorithm.c(83,17): warning C4267: “初始化”: 从“size_t”转换到“int”，可能丢失数据
E:\ademo\REngine2.0\EngineBuildTool\simple_library\private\simple_core_minimal\simple_c_core\simple_c_string_algorithm\string_algorithm.c(98,12): warning C4267: “初始化”: 从“size_t”转换到“int”，可能丢失数据
E:\ademo\REngine2.0\EngineBuildTool\simple_library\private\simple_core_minimal\simple_c_core\simple_c_string_algorithm\string_algorithm.c(114,17): warning C4267: “初始化”: 从“size_t”转换到“int”，可能丢失数据
E:\ademo\REngine2.0\EngineBuildTool\simple_library\private\simple_core_minimal\simple_c_core\simple_c_string_algorithm\string_algorithm.c(115,24): warning C4267: “初始化”: 从“size_t”转换到“int”，可能丢失数据
E:\ademo\REngine2.0\EngineBuildTool\simple_library\private\simple_core_minimal\simple_c_core\simple_c_string_algorithm\string_algorithm.c(116,24): warning C4267: “初始化”: 从“size_t”转换到“int”，可能丢失数据
E:\ademo\REngine2.0\EngineBuildTool\simple_library\private\simple_core_minimal\simple_c_core\simple_c_string_algorithm\string_algorithm.c(139,24): warning C4267: “初始化”: 从“size_t”转换到“int”，可能丢失数据
E:\ademo\REngine2.0\EngineBuildTool\simple_library\private\simple_core_minimal\simple_c_core\simple_c_string_algorithm\string_algorithm.c(162,12): warning C4267: “初始化”: 从“size_t”转换到“int”，可能丢失数据
E:\ademo\REngine2.0\EngineBuildTool\simple_library\private\simple_core_minimal\simple_c_core\simple_c_string_algorithm\string_algorithm.c(197,16): warning C4267: “初始化”: 从“size_t”转换到“int”，可能丢失数据
E:\ademo\REngine2.0\EngineBuildTool\simple_library\private\simple_core_minimal\simple_c_core\simple_c_string_algorithm\string_algorithm.c(198,12): warning C4267: “初始化”: 从“size_t”转换到“int”，可能丢失数据
E:\ademo\REngine2.0\EngineBuildTool\simple_library\private\simple_core_minimal\simple_c_core\simple_c_string_algorithm\string_algorithm.c(240,21): warning C4129: “%”: 不可识别的字符转义序列
E:\ademo\REngine2.0\EngineBuildTool\simple_library\private\simple_core_minimal\simple_c_core\simple_c_string_algorithm\string_algorithm.c(240,46): warning C4129: “%”: 不可识别的字符转义序列
E:\ademo\REngine2.0\EngineBuildTool\simple_library\private\simple_core_minimal\simple_c_core\simple_c_string_algorithm\string_algorithm.c(290,21): warning C4267: “return”: 从“size_t”转换到“int”，可能丢失数据
E:\ademo\REngine2.0\EngineBuildTool\simple_library\private\simple_core_minimal\simple_c_core\simple_c_string_algorithm\string_algorithm.c(259,15): warning C4267: “初始化”: 从“size_t”转换到“int”，可能丢失数据
E:\ademo\REngine2.0\EngineBuildTool\simple_library\private\simple_core_minimal\simple_c_core\simple_c_string_algorithm\string_algorithm.c(276,15): warning C4267: “初始化”: 从“size_t”转换到“int”，可能丢失数据
E:\ademo\REngine2.0\EngineBuildTool\simple_library\private\simple_core_minimal\simple_c_core\simple_c_string_algorithm\string_algorithm.c(304,25): warning C4267: “return”: 从“size_t”转换到“int”，可能丢失数据
E:\ademo\REngine2.0\EngineBuildTool\simple_library\private\simple_core_minimal\simple_c_core\simple_c_string_algorithm\string_algorithm.c(319,25): warning C4267: “return”: 从“size_t”转换到“int”，可能丢失数据
E:\ademo\REngine2.0\EngineBuildTool\simple_library\private\simple_core_minimal\simple_c_core\simple_c_string_algorithm\string_algorithm.c(324,1): warning C4090: “初始化”: 不同的“const”限定符
E:\ademo\REngine2.0\EngineBuildTool\simple_library\private\simple_core_minimal\simple_c_core\simple_c_string_algorithm\string_algorithm.c(332,46): warning C4267: “函数”: 从“size_t”转换到“int”，可能丢失数据
E:\ademo\REngine2.0\EngineBuildTool\simple_library\private\simple_core_minimal\simple_c_core\simple_c_string_algorithm\string_algorithm.c(332,63): warning C4267: “函数”: 从“size_t”转换到“int”，可能丢失数据
E:\ademo\REngine2.0\EngineBuildTool\simple_library\private\simple_core_minimal\simple_c_core\simple_c_string_algorithm\string_algorithm.c(337,53): warning C4267: “函数”: 从“size_t”转换到“int”，可能丢失数据
E:\ademo\REngine2.0\EngineBuildTool\simple_library\private\simple_core_minimal\simple_c_core\simple_c_string_algorithm\string_algorithm.c(351,12): warning C4267: “初始化”: 从“size_t”转换到“int”，可能丢失数据
E:\ademo\REngine2.0\EngineBuildTool\simple_library\private\simple_core_minimal\simple_c_core\simple_c_string_algorithm\string_algorithm.c(377,24): warning C4267: “初始化”: 从“size_t”转换到“int”，可能丢失数据
E:\ademo\REngine2.0\EngineBuildTool\simple_library\private\simple_core_minimal\simple_c_core\simple_c_string_algorithm\string_algorithm.c(398,12): warning C4267: “初始化”: 从“size_t”转换到“int”，可能丢失数据
E:\ademo\REngine2.0\EngineBuildTool\simple_library\private\simple_core_minimal\simple_c_core\simple_c_string_algorithm\string_algorithm.c(412,12): warning C4267: “初始化”: 从“size_t”转换到“int”，可能丢失数据
E:\ademo\REngine2.0\EngineBuildTool\simple_library\private\simple_core_minimal\simple_c_core\simple_c_string_algorithm\string_algorithm.c(442,44): warning C4020: “wfind_string”: 实参太多
E:\ademo\REngine2.0\EngineBuildTool\simple_library\private\simple_core_minimal\simple_c_core\simple_c_string_algorithm\string_algorithm.c(438,17): warning C4267: “初始化”: 从“size_t”转换到“int”，可能丢失数据
E:\ademo\REngine2.0\EngineBuildTool\simple_library\private\simple_core_minimal\simple_c_core\simple_c_string_algorithm\string_algorithm.c(439,24): warning C4267: “初始化”: 从“size_t”转换到“int”，可能丢失数据
E:\ademo\REngine2.0\EngineBuildTool\simple_library\private\simple_core_minimal\simple_c_core\simple_c_string_algorithm\string_algorithm.c(440,24): warning C4267: “初始化”: 从“size_t”转换到“int”，可能丢失数据
E:\ademo\REngine2.0\EngineBuildTool\simple_library\private\simple_core_minimal\simple_c_core\simple_c_string_algorithm\string_algorithm.c(469,21): warning C4129: “%”: 不可识别的字符转义序列
E:\ademo\REngine2.0\EngineBuildTool\simple_library\private\simple_core_minimal\simple_c_core\simple_c_string_algorithm\string_algorithm.c(469,47): warning C4129: “%”: 不可识别的字符转义序列
E:\ademo\REngine2.0\EngineBuildTool\simple_library\private\simple_core_minimal\simple_c_core\simple_c_string_algorithm\string_algorithm.c(523,21): warning C4267: “return”: 从“size_t”转换到“int”，可能丢失数据
E:\ademo\REngine2.0\EngineBuildTool\simple_library\private\simple_core_minimal\simple_c_core\simple_c_string_algorithm\string_algorithm.c(488,15): warning C4267: “初始化”: 从“size_t”转换到“int”，可能丢失数据
E:\ademo\REngine2.0\EngineBuildTool\simple_library\private\simple_core_minimal\simple_c_core\simple_c_string_algorithm\string_algorithm.c(509,15): warning C4267: “初始化”: 从“size_t”转换到“int”，可能丢失数据
E:\ademo\REngine2.0\EngineBuildTool\simple_library\private\simple_core_minimal\simple_c_core\simple_c_string_algorithm\string_algorithm.c(529,13): warning C4047: “函数”:“wchar_t *”与“wchar_t *[8196]”的间接级别不同
E:\ademo\REngine2.0\EngineBuildTool\simple_library\private\simple_core_minimal\simple_c_core\simple_c_string_algorithm\string_algorithm.c(529,10): warning C4024: “wmemset”: 形参和实参 1 的类型不同
E:\ademo\REngine2.0\EngineBuildTool\simple_library\private\simple_core_minimal\simple_c_core\simple_c_string_algorithm\string_algorithm.c(532,19): warning C4047: “函数”:“wchar_t *const ”与“wchar_t *[8196]”的间接级别不同
E:\ademo\REngine2.0\EngineBuildTool\simple_library\private\simple_core_minimal\simple_c_core\simple_c_string_algorithm\string_algorithm.c(532,16): warning C4024: “_vsnwprintf_s”: 形参和实参 1 的类型不同
E:\ademo\REngine2.0\EngineBuildTool\simple_library\private\simple_core_minimal\simple_c_core\simple_c_string_algorithm\string_algorithm.c(536,21): warning C4047: “函数”:“const wchar_t *”与“wchar_t *[8196]”的间接级别不同
E:\ademo\REngine2.0\EngineBuildTool\simple_library\private\simple_core_minimal\simple_c_core\simple_c_string_algorithm\string_algorithm.c(536,18): warning C4024: “wcscat”: 形参和实参 2 的类型不同
E:\ademo\REngine2.0\EngineBuildTool\simple_library\private\simple_core_minimal\simple_c_core\simple_c_string_algorithm\string_algorithm.c(537,25): warning C4267: “return”: 从“size_t”转换到“int”，可能丢失数据
E:\ademo\REngine2.0\EngineBuildTool\simple_library\private\simple_core_minimal\simple_c_core\simple_c_string_algorithm\string_algorithm.c(553,25): warning C4267: “return”: 从“size_t”转换到“int”，可能丢失数据
E:\ademo\REngine2.0\EngineBuildTool\simple_library\private\simple_core_minimal\simple_c_core\simple_c_string_algorithm\string_algorithm.c(558,1): warning C4090: “初始化”: 不同的“const”限定符
  simple_guid.c
  simple_file_helper.c
E:\ademo\REngine2.0\EngineBuildTool\simple_library\private\simple_core_minimal\simple_c_helper_file\simple_file_helper.c(86,23): warning C4267: “=”: 从“size_t”转换到“int”，可能丢失数据
E:\ademo\REngine2.0\EngineBuildTool\simple_library\private\simple_core_minimal\simple_c_helper_file\simple_file_helper.c(277,23): warning C4267: “=”: 从“size_t”转换到“int”，可能丢失数据
E:\ademo\REngine2.0\EngineBuildTool\simple_library\private\simple_core_minimal\simple_c_helper_file\simple_file_helper.c(354,23): warning C4267: “=”: 从“size_t”转换到“int”，可能丢失数据
E:\ademo\REngine2.0\EngineBuildTool\simple_library\private\simple_core_minimal\simple_c_helper_file\simple_file_helper.c(438,17): warning C4047: “函数”:“int”与“HINSTANCE”的间接级别不同
E:\ademo\REngine2.0\EngineBuildTool\simple_library\private\simple_core_minimal\simple_c_helper_file\simple_file_helper.c(433,32): warning C4024: “check_ShellExecute_ret”: 形参和实参 1 的类型不同
E:\ademo\REngine2.0\EngineBuildTool\simple_library\private\simple_core_minimal\simple_c_helper_file\simple_file_helper.c(519,28): warning C4133: “函数”: 从“unsigned short [3]”到“const char *”的类型不兼容
  simple_c_path.c
E:\ademo\REngine2.0\EngineBuildTool\simple_library\private\simple_core_minimal\simple_c_path\simple_c_path.c(12,2): warning C4013: “remove_string_start”未定义；假设外部返回 int
E:\ademo\REngine2.0\EngineBuildTool\simple_library\private\simple_core_minimal\simple_c_path\simple_c_path.c(43,12): warning C4267: “初始化”: 从“size_t”转换到“int”，可能丢失数据
  simple_c_locale_list.c
  simple_c_time.c
E:\ademo\REngine2.0\EngineBuildTool\simple_library\private\simple_core_minimal\simple_c_time\simple_c_time.c(74,37): warning C4090: “函数”: 不同的“const”限定符
  simple_c_windows_register.c
E:\ademo\REngine2.0\EngineBuildTool\simple_library\private\simple_core_minimal\simple_c_windows\simple_c_windows_register.c(16,42): warning C4133: “函数”: 从“const char *”到“LPCWSTR”的类型不兼容
E:\ademo\REngine2.0\EngineBuildTool\simple_library\private\simple_core_minimal\simple_c_windows\simple_c_windows_register.c(18,48): warning C4133: “函数”: 从“const char *”到“LPCWSTR”的类型不兼容
E:\ademo\REngine2.0\EngineBuildTool\simple_library\private\simple_core_minimal\simple_c_windows\simple_c_windows_register.c(34,42): warning C4133: “函数”: 从“const char *”到“LPCWSTR”的类型不兼容
E:\ademo\REngine2.0\EngineBuildTool\simple_library\private\simple_core_minimal\simple_c_windows\simple_c_windows_register.c(41,52): warning C4133: “函数”: 从“char [260]”到“LPWSTR”的类型不兼容
E:\ademo\REngine2.0\EngineBuildTool\simple_library\private\simple_core_minimal\simple_c_windows\simple_c_windows_register.c(43,51): warning C4133: “函数”: 从“char [260]”到“LPCWSTR”的类型不兼容
E:\ademo\REngine2.0\EngineBuildTool\simple_library\private\simple_core_minimal\simple_c_windows\simple_c_windows_register.c(84,56): warning C4133: “函数”: 从“const char [260]”到“LPCWSTR”的类型不兼容
E:\ademo\REngine2.0\EngineBuildTool\simple_library\private\simple_core_minimal\simple_c_windows\simple_c_windows_register.c(89,50): warning C4133: “函数”: 从“char *”到“LPCWSTR”的类型不兼容
E:\ademo\REngine2.0\EngineBuildTool\simple_library\private\simple_core_minimal\simple_c_windows\simple_c_windows_register.c(95,23): warning C4047: “函数”:“HKEY”与“HKEY *”的间接级别不同
E:\ademo\REngine2.0\EngineBuildTool\simple_library\private\simple_core_minimal\simple_c_windows\simple_c_windows_register.c(95,15): warning C4024: “RegCloseKey”: 形参和实参 1 的类型不同
E:\ademo\REngine2.0\EngineBuildTool\simple_library\private\simple_core_minimal\simple_c_windows\simple_c_windows_register.c(88,1): warning C4090: “初始化”: 不同的“const”限定符
  simple_c_windows_setting.c
  simple_c_log.c
E:\ademo\REngine2.0\EngineBuildTool\simple_library\private\simple_c_log\simple_c_log.c(34,3): warning C4013: “get_local_time_string”未定义；假设外部返回 int
  simple_math.c
  正在生成代码...
    正在创建库 E:\ademo\REngine2.0\x64\Debug\EngineBuildTool.lib 和对象 E:\ademo\REngine2.0\x64\Debug\EngineBuildTool.exp
MSVCRTD.lib(exe_main.obj) : error LNK2019: 无法解析的外部符号 main，函数 "int __cdecl invoke_main(void)" (?invoke_main@@YAHXZ) 中引用了该符号
E:\ademo\REngine2.0\x64\Debug\EngineBuildTool.exe : fatal error LNK1120: 1 个无法解析的外部命令
